2024-03-19 20:06:35.485 +01:00 [INF] Executed DbCommand (311ms) [Parameters=[], CommandType='"Text"', CommandTimeout='60']
CREATE DATABASE [Teatro];
2024-03-19 20:06:35.670 +01:00 [INF] Executed DbCommand (156ms) [Parameters=[], CommandType='"Text"', CommandTimeout='60']
IF SERVERPROPERTY('EngineEdition') <> 5
BEGIN
    ALTER DATABASE [Teatro] SET READ_COMMITTED_SNAPSHOT ON;
END;
2024-03-19 20:06:35.693 +01:00 [INF] Executed DbCommand (5ms) [Parameters=[], CommandType='"Text"', CommandTimeout='30']
SELECT 1
2024-03-19 20:06:35.742 +01:00 [INF] Executed DbCommand (11ms) [Parameters=[], CommandType='"Text"', CommandTimeout='30']
CREATE TABLE [__EFMigrationsHistory] (
    [MigrationId] nvarchar(150) NOT NULL,
    [ProductVersion] nvarchar(32) NOT NULL,
    CONSTRAINT [PK___EFMigrationsHistory] PRIMARY KEY ([MigrationId])
);
2024-03-19 20:06:35.748 +01:00 [INF] Executed DbCommand (1ms) [Parameters=[], CommandType='"Text"', CommandTimeout='30']
SELECT 1
2024-03-19 20:06:35.760 +01:00 [INF] Executed DbCommand (9ms) [Parameters=[], CommandType='"Text"', CommandTimeout='30']
SELECT OBJECT_ID(N'[__EFMigrationsHistory]');
2024-03-19 20:06:35.766 +01:00 [INF] Executed DbCommand (2ms) [Parameters=[], CommandType='"Text"', CommandTimeout='30']
SELECT [MigrationId], [ProductVersion]
FROM [__EFMigrationsHistory]
ORDER BY [MigrationId];
2024-03-19 20:06:35.778 +01:00 [INF] Applying migration '20240319190614_InitialCreate'.
2024-03-19 20:06:35.820 +01:00 [INF] Executed DbCommand (3ms) [Parameters=[], CommandType='"Text"', CommandTimeout='30']
CREATE TABLE [Asientos] (
    [idAsiento] int NOT NULL IDENTITY,
    [estaOcupado] bit NOT NULL,
    CONSTRAINT [PK_Asientos] PRIMARY KEY ([idAsiento])
);
2024-03-19 20:06:35.826 +01:00 [INF] Executed DbCommand (2ms) [Parameters=[], CommandType='"Text"', CommandTimeout='30']
CREATE TABLE [AsientosObrasDatos] (
    [idObjeto] int NOT NULL IDENTITY,
    [idObra] int NOT NULL,
    [idSesion] int NOT NULL,
    [idAsiento] int NOT NULL,
    CONSTRAINT [PK_AsientosObrasDatos] PRIMARY KEY ([idObjeto])
);
2024-03-19 20:06:35.830 +01:00 [INF] Executed DbCommand (2ms) [Parameters=[], CommandType='"Text"', CommandTimeout='30']
CREATE TABLE [Obras] (
    [idObra] int NOT NULL IDENTITY,
    [nombreObra] nvarchar(max) NOT NULL,
    [imagen] nvarchar(max) NULL,
    [descObra] nvarchar(max) NULL,
    [valoracionObra] float NOT NULL,
    [autorObra] nvarchar(max) NULL,
    [directorObra] nvarchar(max) NULL,
    [duracionObra] int NOT NULL,
    [aclamadas] bit NOT NULL,
    [recientes] bit NOT NULL,
    [ultimasSesiones] bit NOT NULL,
    CONSTRAINT [PK_Obras] PRIMARY KEY ([idObra])
);
2024-03-19 20:06:35.835 +01:00 [INF] Executed DbCommand (2ms) [Parameters=[], CommandType='"Text"', CommandTimeout='30']
CREATE TABLE [Usuarios] (
    [idUsuario] int NOT NULL IDENTITY,
    [nombreUsuario] nvarchar(max) NOT NULL,
    [passwordUsuario] nvarchar(max) NOT NULL,
    CONSTRAINT [PK_Usuarios] PRIMARY KEY ([idUsuario])
);
2024-03-19 20:06:35.870 +01:00 [INF] Executed DbCommand (33ms) [Parameters=[], CommandType='"Text"', CommandTimeout='30']
IF EXISTS (SELECT * FROM [sys].[identity_columns] WHERE [name] IN (N'idAsiento', N'estaOcupado') AND [object_id] = OBJECT_ID(N'[Asientos]'))
    SET IDENTITY_INSERT [Asientos] ON;
INSERT INTO [Asientos] ([idAsiento], [estaOcupado])
VALUES (1, CAST(0 AS bit)),
(2, CAST(0 AS bit)),
(3, CAST(0 AS bit)),
(4, CAST(0 AS bit)),
(5, CAST(0 AS bit)),
(6, CAST(0 AS bit)),
(7, CAST(0 AS bit)),
(8, CAST(0 AS bit)),
(9, CAST(0 AS bit)),
(10, CAST(0 AS bit)),
(11, CAST(0 AS bit)),
(12, CAST(0 AS bit)),
(13, CAST(0 AS bit)),
(14, CAST(0 AS bit)),
(15, CAST(0 AS bit)),
(16, CAST(0 AS bit)),
(17, CAST(0 AS bit)),
(18, CAST(0 AS bit)),
(19, CAST(0 AS bit)),
(20, CAST(0 AS bit)),
(21, CAST(0 AS bit)),
(22, CAST(0 AS bit)),
(23, CAST(0 AS bit)),
(24, CAST(0 AS bit)),
(25, CAST(0 AS bit)),
(26, CAST(0 AS bit)),
(27, CAST(0 AS bit)),
(28, CAST(0 AS bit)),
(29, CAST(0 AS bit)),
(30, CAST(0 AS bit)),
(31, CAST(0 AS bit)),
(32, CAST(0 AS bit)),
(33, CAST(0 AS bit)),
(34, CAST(0 AS bit)),
(35, CAST(0 AS bit)),
(36, CAST(0 AS bit)),
(37, CAST(0 AS bit)),
(38, CAST(0 AS bit)),
(39, CAST(0 AS bit)),
(40, CAST(0 AS bit)),
(41, CAST(0 AS bit)),
(42, CAST(0 AS bit));
INSERT INTO [Asientos] ([idAsiento], [estaOcupado])
VALUES (43, CAST(0 AS bit)),
(44, CAST(0 AS bit)),
(45, CAST(0 AS bit)),
(46, CAST(0 AS bit)),
(47, CAST(0 AS bit)),
(48, CAST(0 AS bit)),
(49, CAST(0 AS bit)),
(50, CAST(0 AS bit)),
(51, CAST(0 AS bit)),
(52, CAST(0 AS bit)),
(53, CAST(0 AS bit)),
(54, CAST(0 AS bit));
IF EXISTS (SELECT * FROM [sys].[identity_columns] WHERE [name] IN (N'idAsiento', N'estaOcupado') AND [object_id] = OBJECT_ID(N'[Asientos]'))
    SET IDENTITY_INSERT [Asientos] OFF;
2024-03-19 20:06:35.890 +01:00 [INF] Executed DbCommand (12ms) [Parameters=[], CommandType='"Text"', CommandTimeout='30']
IF EXISTS (SELECT * FROM [sys].[identity_columns] WHERE [name] IN (N'idObra', N'aclamadas', N'autorObra', N'descObra', N'directorObra', N'duracionObra', N'imagen', N'nombreObra', N'recientes', N'ultimasSesiones', N'valoracionObra') AND [object_id] = OBJECT_ID(N'[Obras]'))
    SET IDENTITY_INSERT [Obras] ON;
INSERT INTO [Obras] ([idObra], [aclamadas], [autorObra], [descObra], [directorObra], [duracionObra], [imagen], [nombreObra], [recientes], [ultimasSesiones], [valoracionObra])
VALUES (1, CAST(1 AS bit), N'Nayra Calvo y Miguel A.Luengo', N'La excelente y lamentable tragedia de Romeo y Julieta cuenta la historia de dos jóvenes enamorados, Romeo y Julieta, quienes pertenecen a dos familias poderosas y enemigas de la ciudad renacentista de Verona, Italia: los Montesco y los Capuleto. Los protagonistas se conocen en un baile familiar de los Capuleto, en el que Romeo y sus amigos se cuelan, a pesar del peligro que corren y de que el rey de la ciudad ha decretado una frágil tregua entre las familias. Y tan pronto como bailan, Romeo y Julieta quedan perdidamente enamorados el uno del otro.', N'Franco Zeffirelli', 90, N'https://almeriaciudad.es/cultura/wp-content/archivos/sites/21/2022/02/IMG_2391-1.jpeg', N'Romeo y Julieta', CAST(0 AS bit), CAST(0 AS bit), 5.0E0),
(2, CAST(0 AS bit), N'Nancy Fabiola Herrera y Carmen Romeu', N'Tras la muerte de su segundo esposo, Bernarda Alba se recluye e impone un luto riguroso y asfixiante por ocho años, prohibiendo a sus cinco hijas a que vayan a la fiesta. Cuando Angustias, la primogénita y la única hija del primer marido, hereda una fortuna, atrae a un pretendiente, Pepe el Romano.', N'Alfredo Sanzol', 60, N'https://chglenguayliteratura.files.wordpress.com/2020/01/aaaa.jpg', N'La Casa de Bernarda Alba', CAST(0 AS bit), CAST(0 AS bit), 4.2999999999999998E0),
(3, CAST(1 AS bit), N'Cobadonga Calderon y Javier Mañon', N'La loca pasión por Melibea, hija de un rico mercader, lleva al joven Calisto a romper todas las barreras y a aliarse con una vieja alcahueta. Desde el momento en que entra en escena, Celestina avasalla toda la obra hasta convertirse en un personaje literario de fama universal.', N'Antonio Castro Guijosa', 60, N'https://www.cervantesvirtual.com/s3/BVMC_OBRAS/ffa/c66/288/2b1/11d/fac/c70/021/85c/e60/64/mimes/imagenes/ffac6628-82b1-11df-acc7-002185ce6064_2.jpg', N'La Celestina', CAST(1 AS bit), CAST(0 AS bit), 4.7000000000000002E0),
(4, CAST(0 AS bit), N'David Luque y Rebeca Matellan', N'El rey Basilio va a tener un hijo. Pero un adivino le dice que ese nacimiento traerá el desastre al reino. En efecto, nada más nacer la madre muere, y el rey, asustado encierra a su hijo en una torre escondida entre montañas de forma que nadie sepa donde está. Solo Clotaldo, su ayo, conoce su paradero.', N'Declan Deonnellan', 100, N'https://www.elejandria.com/covers/La_vida_es_sueno-Calderon_de_la_Barca_Pedro-md.png', N'La Vida es Sueño', CAST(0 AS bit), CAST(0 AS bit), 4.4000000000000004E0),
(5, CAST(1 AS bit), N'Juan Motilla y Antonio Campos', N'La tragedia de Hamlet, Príncipe de Dinamarca cuenta la historia del joven heredero al trono danés, cuyo padre muerto se le aparece como un fantasma en las murallas del castillo, para invocar su venganza, pues su muerte no fue natural sino que fue envenenado por su propia esposa Gertrudis, madre de Hamlet, y su hermano y actual rey, Claudio.', N'Miguel del Arco', 95, N'https://cdn.kobo.com/book-images/5fc4252b-1c4f-40ef-9975-22982c94f12c/1200/1200/False/hamlet-prince-of-denmark-23.jpg', N'Hamlet', CAST(1 AS bit), CAST(0 AS bit), 4.5E0),
(6, CAST(0 AS bit), N'Manu Pilas y Gerónimo Raouch', N'Misterio y amor en las catacumbas de París. En los sótanos de la Ópera de París se esconde un misterioso personaje que oculta su rostro desfigurado. Este ser acecha por los camerinos y vigila a Christine, una inocente muchacha con gran talento de la que se ha enamorado. A través de un tenebroso y cruel personaje, Erik, atormentado por la deformidad de su rostro y su pasión por la belleza, y de los recovecos de un edificio, la Ópera de París, Leroux nos introduce en el mundo del otro lado del telón.', N'Federico Bellone', 150, N'https://teatroaranjuez.es/wp-content/uploads/2023/10/el-fantasma-de-la-opera-330x467-1.jpg', N'El Fantasma de la Ópera', CAST(1 AS bit), CAST(0 AS bit), 4.7999999999999998E0),
(7, CAST(1 AS bit), N'Rafa Ramos y Jordi Millan', N'Narra los hechos que suceden durante el casamiento de Teseo, duque de Atenas, con Hipólita, reina de las amazonas. Incluye las aventuras de cuatro amantes atenienses y un grupo de seis actores aficionados que son controlados por las hadas que habitan en el bosque donde la mayor parte de la obra tiene lugar.', N'Marco Carniti', 90, N'https://image.isu.pub/190709204809-9c82f7fce8bb840f1ff3b5631eef637f/jpg/page_1.jpg', N'Sueño de una Noche de Verano', CAST(0 AS bit), CAST(0 AS bit), 4.2000000000000002E0),
(8, CAST(0 AS bit), N'Francisco Fraguas y Amanda Recacha', N'Don Juan Tenorio es el personaje más célebre del teatro español. La historia de este burlador de mujeres comienza en los días de Carnaval y acaba en el Día de Difuntos. Don Juan es un seductor que se mofa de todos los valores sociales establecidos. Pero su vida cambiará al conocer a doña Inés. Gracias a su amor, el alma de don Juan se salvará de las llamas del infierno.', N'Pedro Amalio Lopez', 100, N'https://m.media-amazon.com/images/I/61Er0I3cJaL._AC_UF1000,1000_QL80_.jpg', N'Don Juan Tenorio', CAST(0 AS bit), CAST(0 AS bit), 4.2999999999999998E0),
(9, CAST(1 AS bit), N'Blanca Apilanez y Juan José Otegui', N'El pueblo de Fuente Ovejuna, ya está harto de la crueldad de su señor, que no hace más que fastidiarlos, ya sea reclutando jóvenes para sus guerras, o deshonrando a sus mujeres, y esta es la gota que colma el vaso de su paciencia, así que deciden intervenir y matar al Comendador.', N'Adolfo Marsillat', 90, N'https://m.media-amazon.com/images/I/418RabpIZVS.jpg', N'Fuenteovejuna', CAST(0 AS bit), CAST(0 AS bit), 4.5E0),
(10, CAST(1 AS bit), N'Alejandro Centro y Daniel Valdovinos', N'Es una obra humana que refleja el peregrinaje del ser humano en busca de “la Luz”, es el descubrimiento del hombre hacia Dios, con la ayuda de la razón (Virgilio) y de la fe (Beatriz). El poema es una epopeya religiosa que narra con realismo un viaje, es un canto a la humanidad.', N'Dante', 110, N'https://m.media-amazon.com/images/I/71WJbXGxPdL._AC_UF1000,1000_QL80_.jpg', N'La Divina Comedia', CAST(1 AS bit), CAST(0 AS bit), 5.0E0),
(11, CAST(0 AS bit), N'Eduardo Tovar y Virginia Sanchez', N'Argán se cree muy enfermo y no puede vivir sin estar rodeado de médicos. Para conseguir tener uno en su familia que le haga ahorrar la ingente cantidad de dinero que destina a sus curas, medicamentos y potingues, no duda en concertar un matrimonio de conveniencia entre su hija Angélica con el hijo del doctor Diafoirus.', N'Eva del Palacio', 70, N'https://www.tarambana.net/upload/espectaculos/foto_poster-1296.jpg?id=117364', N'El enfermo imaginario', CAST(0 AS bit), CAST(0 AS bit), 4.7000000000000002E0),
(12, CAST(1 AS bit), N'Tailor Swoft y Jason Derulo', N'Esta obra musical es una de las más célebres de Broadway. Fue creada por el legendario Andrew Lloyd Weber, quien a su vez se basó en los poemas de T. S. Eliot, «El libro de los gatos habilidosos del viejo Possum». Relata la historia de los Jellicle Cats, un grupo de gatos callejeros que poco a poco se va presentando ante el público, en medio de impresionantes números musicales.', N'Trevor Nunn', 120, N'https://upload.wikimedia.org/wikipedia/en/3/30/Cats_1998_DVD_Cover.jpg', N'Cats', CAST(1 AS bit), CAST(0 AS bit), 4.2999999999999998E0),
(13, CAST(0 AS bit), N'Arianna Grande y Adam James', N'Narra la historia de Elphaba, una niña nacida de color verde y cómo se convierte en la Malvada Bruja del Oeste, pasando por los sucesos que experimenta desde su nacimiento, infancia y juventud en la Universidad de Shiz hasta llegar a la edad adulta, momento de la llegada de Dorothy a la tierra de Oz.', N'Joe Mantello', 165, N'https://m.media-amazon.com/images/M/MV5BNjczYjBhMTctYTA3Yy00NTgyLWFkZWQtZjQwYTRkMDc1YTc1XkEyXkFqcGdeQXVyNTk5NTQzNDI@._V1_.jpg', N'Wicked', CAST(0 AS bit), CAST(1 AS bit), 4.7000000000000002E0),
(14, CAST(1 AS bit), N'Miguel del Arco y Gemma Castaño', N'Es la historia de Jean Valjean, un convicto que estuvo injustamente encarcelado por 19 años por haberse robado una rebanada de pan. Al ser liberado de su injusta condena, Valjean trata de escapar de su pasado, lleno de maldad y depravación, para vivir una vida digna y honesta.', N'David White', 210, N'https://m.media-amazon.com/images/I/517Cb2FS4qL.jpg', N'Los Miserables', CAST(0 AS bit), CAST(1 AS bit), 4.7999999999999998E0),
(15, CAST(0 AS bit), N' Nayra Calvo y Miguel A.Luengo', N'En Casa de muñecas Ibsen aborda el problema de la situación de la mujer de la pequeña burguesía en la sociedad de su tiempo. Nora, la protagonista, es el retrato de las mujeres de su clase y puede ofrecer un retrato con mucha actualidad para las mujeres inmersas en la vorágine del mundo contemporáneo.', N'Franco Zeffirelli', 100, N'https://images.cdn3.buscalibre.com/fit-in/360x360/ef/99/ef9995dc7f336bc670c2775b7316b143.jpg', N'Casa de Muñecas', CAST(0 AS bit), CAST(1 AS bit), 4.5999999999999996E0),
(16, CAST(1 AS bit), N' Carmelo Gomez y Joaquin Notario', N'En el alcalde de Zalamea, se cuenta la venganza del Alcalde Pedro Crespo, que da muerte a don Álvaro, el arrogante capitán que ha secuestrado a su hija. Esta reacción no se percibe como el resultado de aplicar un código rígido y bárbaro, sino como una reacción justa que será aprobada por el rey.', N'Miguel Nieto', 90, N'https://m.media-amazon.com/images/I/51fM26seM-L.jpg', N'El alcalde de Zalamea', CAST(0 AS bit), CAST(1 AS bit), 4.0999999999999996E0);
IF EXISTS (SELECT * FROM [sys].[identity_columns] WHERE [name] IN (N'idObra', N'aclamadas', N'autorObra', N'descObra', N'directorObra', N'duracionObra', N'imagen', N'nombreObra', N'recientes', N'ultimasSesiones', N'valoracionObra') AND [object_id] = OBJECT_ID(N'[Obras]'))
    SET IDENTITY_INSERT [Obras] OFF;
2024-03-19 20:06:35.908 +01:00 [INF] Executed DbCommand (10ms) [Parameters=[], CommandType='"Text"', CommandTimeout='30']
IF EXISTS (SELECT * FROM [sys].[identity_columns] WHERE [name] IN (N'idUsuario', N'nombreUsuario', N'passwordUsuario') AND [object_id] = OBJECT_ID(N'[Usuarios]'))
    SET IDENTITY_INSERT [Usuarios] ON;
INSERT INTO [Usuarios] ([idUsuario], [nombreUsuario], [passwordUsuario])
VALUES (1, N'admin', N'admin'),
(2, N'admin2', N'admin'),
(3, N'admin3', N'admin'),
(4, N'admin4', N'admin');
IF EXISTS (SELECT * FROM [sys].[identity_columns] WHERE [name] IN (N'idUsuario', N'nombreUsuario', N'passwordUsuario') AND [object_id] = OBJECT_ID(N'[Usuarios]'))
    SET IDENTITY_INSERT [Usuarios] OFF;
2024-03-19 20:06:35.914 +01:00 [INF] Executed DbCommand (2ms) [Parameters=[], CommandType='"Text"', CommandTimeout='30']
INSERT INTO [__EFMigrationsHistory] ([MigrationId], [ProductVersion])
VALUES (N'20240319190614_InitialCreate', N'7.0.0');
2024-03-19 20:08:29.410 +01:00 [INF] Executed DbCommand (12ms) [Parameters=[], CommandType='"Text"', CommandTimeout='30']
SELECT 1
2024-03-19 20:08:29.453 +01:00 [INF] Executed DbCommand (8ms) [Parameters=[], CommandType='"Text"', CommandTimeout='30']
SELECT OBJECT_ID(N'[__EFMigrationsHistory]');
2024-03-19 20:08:29.458 +01:00 [INF] Executed DbCommand (2ms) [Parameters=[], CommandType='"Text"', CommandTimeout='30']
SELECT 1
2024-03-19 20:08:29.461 +01:00 [INF] Executed DbCommand (1ms) [Parameters=[], CommandType='"Text"', CommandTimeout='30']
SELECT OBJECT_ID(N'[__EFMigrationsHistory]');
2024-03-19 20:08:29.477 +01:00 [INF] Executed DbCommand (2ms) [Parameters=[], CommandType='"Text"', CommandTimeout='30']
SELECT [MigrationId], [ProductVersion]
FROM [__EFMigrationsHistory]
ORDER BY [MigrationId];
2024-03-19 20:08:29.488 +01:00 [INF] No migrations were applied. The database is already up to date.
2024-03-19 20:09:25.270 +01:00 [INF] Executed DbCommand (12ms) [Parameters=[], CommandType='"Text"', CommandTimeout='30']
SELECT 1
2024-03-19 20:09:25.314 +01:00 [INF] Executed DbCommand (9ms) [Parameters=[], CommandType='"Text"', CommandTimeout='30']
SELECT OBJECT_ID(N'[__EFMigrationsHistory]');
2024-03-19 20:09:25.318 +01:00 [INF] Executed DbCommand (2ms) [Parameters=[], CommandType='"Text"', CommandTimeout='30']
SELECT 1
2024-03-19 20:09:25.321 +01:00 [INF] Executed DbCommand (2ms) [Parameters=[], CommandType='"Text"', CommandTimeout='30']
SELECT OBJECT_ID(N'[__EFMigrationsHistory]');
2024-03-19 20:09:25.338 +01:00 [INF] Executed DbCommand (2ms) [Parameters=[], CommandType='"Text"', CommandTimeout='30']
SELECT [MigrationId], [ProductVersion]
FROM [__EFMigrationsHistory]
ORDER BY [MigrationId];
2024-03-19 20:09:25.348 +01:00 [INF] No migrations were applied. The database is already up to date.
2024-03-19 20:09:55.696 +01:00 [INF] Executed DbCommand (399ms) [Parameters=[], CommandType='"Text"', CommandTimeout='60']
CREATE DATABASE [actuarte];
2024-03-19 20:09:55.873 +01:00 [INF] Executed DbCommand (149ms) [Parameters=[], CommandType='"Text"', CommandTimeout='60']
IF SERVERPROPERTY('EngineEdition') <> 5
BEGIN
    ALTER DATABASE [actuarte] SET READ_COMMITTED_SNAPSHOT ON;
END;
2024-03-19 20:09:55.897 +01:00 [INF] Executed DbCommand (5ms) [Parameters=[], CommandType='"Text"', CommandTimeout='30']
SELECT 1
2024-03-19 20:09:55.947 +01:00 [INF] Executed DbCommand (11ms) [Parameters=[], CommandType='"Text"', CommandTimeout='30']
CREATE TABLE [__EFMigrationsHistory] (
    [MigrationId] nvarchar(150) NOT NULL,
    [ProductVersion] nvarchar(32) NOT NULL,
    CONSTRAINT [PK___EFMigrationsHistory] PRIMARY KEY ([MigrationId])
);
2024-03-19 20:09:55.952 +01:00 [INF] Executed DbCommand (2ms) [Parameters=[], CommandType='"Text"', CommandTimeout='30']
SELECT 1
2024-03-19 20:09:55.964 +01:00 [INF] Executed DbCommand (9ms) [Parameters=[], CommandType='"Text"', CommandTimeout='30']
SELECT OBJECT_ID(N'[__EFMigrationsHistory]');
2024-03-19 20:09:55.970 +01:00 [INF] Executed DbCommand (2ms) [Parameters=[], CommandType='"Text"', CommandTimeout='30']
SELECT [MigrationId], [ProductVersion]
FROM [__EFMigrationsHistory]
ORDER BY [MigrationId];
2024-03-19 20:09:55.983 +01:00 [INF] Applying migration '20240319190614_InitialCreate'.
2024-03-19 20:09:56.030 +01:00 [INF] Executed DbCommand (3ms) [Parameters=[], CommandType='"Text"', CommandTimeout='30']
CREATE TABLE [Asientos] (
    [idAsiento] int NOT NULL IDENTITY,
    [estaOcupado] bit NOT NULL,
    CONSTRAINT [PK_Asientos] PRIMARY KEY ([idAsiento])
);
2024-03-19 20:09:56.036 +01:00 [INF] Executed DbCommand (2ms) [Parameters=[], CommandType='"Text"', CommandTimeout='30']
CREATE TABLE [AsientosObrasDatos] (
    [idObjeto] int NOT NULL IDENTITY,
    [idObra] int NOT NULL,
    [idSesion] int NOT NULL,
    [idAsiento] int NOT NULL,
    CONSTRAINT [PK_AsientosObrasDatos] PRIMARY KEY ([idObjeto])
);
2024-03-19 20:09:56.041 +01:00 [INF] Executed DbCommand (2ms) [Parameters=[], CommandType='"Text"', CommandTimeout='30']
CREATE TABLE [Obras] (
    [idObra] int NOT NULL IDENTITY,
    [nombreObra] nvarchar(max) NOT NULL,
    [imagen] nvarchar(max) NULL,
    [descObra] nvarchar(max) NULL,
    [valoracionObra] float NOT NULL,
    [autorObra] nvarchar(max) NULL,
    [directorObra] nvarchar(max) NULL,
    [duracionObra] int NOT NULL,
    [aclamadas] bit NOT NULL,
    [recientes] bit NOT NULL,
    [ultimasSesiones] bit NOT NULL,
    CONSTRAINT [PK_Obras] PRIMARY KEY ([idObra])
);
2024-03-19 20:09:56.046 +01:00 [INF] Executed DbCommand (2ms) [Parameters=[], CommandType='"Text"', CommandTimeout='30']
CREATE TABLE [Usuarios] (
    [idUsuario] int NOT NULL IDENTITY,
    [nombreUsuario] nvarchar(max) NOT NULL,
    [passwordUsuario] nvarchar(max) NOT NULL,
    CONSTRAINT [PK_Usuarios] PRIMARY KEY ([idUsuario])
);
2024-03-19 20:09:56.082 +01:00 [INF] Executed DbCommand (34ms) [Parameters=[], CommandType='"Text"', CommandTimeout='30']
IF EXISTS (SELECT * FROM [sys].[identity_columns] WHERE [name] IN (N'idAsiento', N'estaOcupado') AND [object_id] = OBJECT_ID(N'[Asientos]'))
    SET IDENTITY_INSERT [Asientos] ON;
INSERT INTO [Asientos] ([idAsiento], [estaOcupado])
VALUES (1, CAST(0 AS bit)),
(2, CAST(0 AS bit)),
(3, CAST(0 AS bit)),
(4, CAST(0 AS bit)),
(5, CAST(0 AS bit)),
(6, CAST(0 AS bit)),
(7, CAST(0 AS bit)),
(8, CAST(0 AS bit)),
(9, CAST(0 AS bit)),
(10, CAST(0 AS bit)),
(11, CAST(0 AS bit)),
(12, CAST(0 AS bit)),
(13, CAST(0 AS bit)),
(14, CAST(0 AS bit)),
(15, CAST(0 AS bit)),
(16, CAST(0 AS bit)),
(17, CAST(0 AS bit)),
(18, CAST(0 AS bit)),
(19, CAST(0 AS bit)),
(20, CAST(0 AS bit)),
(21, CAST(0 AS bit)),
(22, CAST(0 AS bit)),
(23, CAST(0 AS bit)),
(24, CAST(0 AS bit)),
(25, CAST(0 AS bit)),
(26, CAST(0 AS bit)),
(27, CAST(0 AS bit)),
(28, CAST(0 AS bit)),
(29, CAST(0 AS bit)),
(30, CAST(0 AS bit)),
(31, CAST(0 AS bit)),
(32, CAST(0 AS bit)),
(33, CAST(0 AS bit)),
(34, CAST(0 AS bit)),
(35, CAST(0 AS bit)),
(36, CAST(0 AS bit)),
(37, CAST(0 AS bit)),
(38, CAST(0 AS bit)),
(39, CAST(0 AS bit)),
(40, CAST(0 AS bit)),
(41, CAST(0 AS bit)),
(42, CAST(0 AS bit));
INSERT INTO [Asientos] ([idAsiento], [estaOcupado])
VALUES (43, CAST(0 AS bit)),
(44, CAST(0 AS bit)),
(45, CAST(0 AS bit)),
(46, CAST(0 AS bit)),
(47, CAST(0 AS bit)),
(48, CAST(0 AS bit)),
(49, CAST(0 AS bit)),
(50, CAST(0 AS bit)),
(51, CAST(0 AS bit)),
(52, CAST(0 AS bit)),
(53, CAST(0 AS bit)),
(54, CAST(0 AS bit));
IF EXISTS (SELECT * FROM [sys].[identity_columns] WHERE [name] IN (N'idAsiento', N'estaOcupado') AND [object_id] = OBJECT_ID(N'[Asientos]'))
    SET IDENTITY_INSERT [Asientos] OFF;
2024-03-19 20:09:56.103 +01:00 [INF] Executed DbCommand (12ms) [Parameters=[], CommandType='"Text"', CommandTimeout='30']
IF EXISTS (SELECT * FROM [sys].[identity_columns] WHERE [name] IN (N'idObra', N'aclamadas', N'autorObra', N'descObra', N'directorObra', N'duracionObra', N'imagen', N'nombreObra', N'recientes', N'ultimasSesiones', N'valoracionObra') AND [object_id] = OBJECT_ID(N'[Obras]'))
    SET IDENTITY_INSERT [Obras] ON;
INSERT INTO [Obras] ([idObra], [aclamadas], [autorObra], [descObra], [directorObra], [duracionObra], [imagen], [nombreObra], [recientes], [ultimasSesiones], [valoracionObra])
VALUES (1, CAST(1 AS bit), N'Nayra Calvo y Miguel A.Luengo', N'La excelente y lamentable tragedia de Romeo y Julieta cuenta la historia de dos jóvenes enamorados, Romeo y Julieta, quienes pertenecen a dos familias poderosas y enemigas de la ciudad renacentista de Verona, Italia: los Montesco y los Capuleto. Los protagonistas se conocen en un baile familiar de los Capuleto, en el que Romeo y sus amigos se cuelan, a pesar del peligro que corren y de que el rey de la ciudad ha decretado una frágil tregua entre las familias. Y tan pronto como bailan, Romeo y Julieta quedan perdidamente enamorados el uno del otro.', N'Franco Zeffirelli', 90, N'https://almeriaciudad.es/cultura/wp-content/archivos/sites/21/2022/02/IMG_2391-1.jpeg', N'Romeo y Julieta', CAST(0 AS bit), CAST(0 AS bit), 5.0E0),
(2, CAST(0 AS bit), N'Nancy Fabiola Herrera y Carmen Romeu', N'Tras la muerte de su segundo esposo, Bernarda Alba se recluye e impone un luto riguroso y asfixiante por ocho años, prohibiendo a sus cinco hijas a que vayan a la fiesta. Cuando Angustias, la primogénita y la única hija del primer marido, hereda una fortuna, atrae a un pretendiente, Pepe el Romano.', N'Alfredo Sanzol', 60, N'https://chglenguayliteratura.files.wordpress.com/2020/01/aaaa.jpg', N'La Casa de Bernarda Alba', CAST(0 AS bit), CAST(0 AS bit), 4.2999999999999998E0),
(3, CAST(1 AS bit), N'Cobadonga Calderon y Javier Mañon', N'La loca pasión por Melibea, hija de un rico mercader, lleva al joven Calisto a romper todas las barreras y a aliarse con una vieja alcahueta. Desde el momento en que entra en escena, Celestina avasalla toda la obra hasta convertirse en un personaje literario de fama universal.', N'Antonio Castro Guijosa', 60, N'https://www.cervantesvirtual.com/s3/BVMC_OBRAS/ffa/c66/288/2b1/11d/fac/c70/021/85c/e60/64/mimes/imagenes/ffac6628-82b1-11df-acc7-002185ce6064_2.jpg', N'La Celestina', CAST(1 AS bit), CAST(0 AS bit), 4.7000000000000002E0),
(4, CAST(0 AS bit), N'David Luque y Rebeca Matellan', N'El rey Basilio va a tener un hijo. Pero un adivino le dice que ese nacimiento traerá el desastre al reino. En efecto, nada más nacer la madre muere, y el rey, asustado encierra a su hijo en una torre escondida entre montañas de forma que nadie sepa donde está. Solo Clotaldo, su ayo, conoce su paradero.', N'Declan Deonnellan', 100, N'https://www.elejandria.com/covers/La_vida_es_sueno-Calderon_de_la_Barca_Pedro-md.png', N'La Vida es Sueño', CAST(0 AS bit), CAST(0 AS bit), 4.4000000000000004E0),
(5, CAST(1 AS bit), N'Juan Motilla y Antonio Campos', N'La tragedia de Hamlet, Príncipe de Dinamarca cuenta la historia del joven heredero al trono danés, cuyo padre muerto se le aparece como un fantasma en las murallas del castillo, para invocar su venganza, pues su muerte no fue natural sino que fue envenenado por su propia esposa Gertrudis, madre de Hamlet, y su hermano y actual rey, Claudio.', N'Miguel del Arco', 95, N'https://cdn.kobo.com/book-images/5fc4252b-1c4f-40ef-9975-22982c94f12c/1200/1200/False/hamlet-prince-of-denmark-23.jpg', N'Hamlet', CAST(1 AS bit), CAST(0 AS bit), 4.5E0),
(6, CAST(0 AS bit), N'Manu Pilas y Gerónimo Raouch', N'Misterio y amor en las catacumbas de París. En los sótanos de la Ópera de París se esconde un misterioso personaje que oculta su rostro desfigurado. Este ser acecha por los camerinos y vigila a Christine, una inocente muchacha con gran talento de la que se ha enamorado. A través de un tenebroso y cruel personaje, Erik, atormentado por la deformidad de su rostro y su pasión por la belleza, y de los recovecos de un edificio, la Ópera de París, Leroux nos introduce en el mundo del otro lado del telón.', N'Federico Bellone', 150, N'https://teatroaranjuez.es/wp-content/uploads/2023/10/el-fantasma-de-la-opera-330x467-1.jpg', N'El Fantasma de la Ópera', CAST(1 AS bit), CAST(0 AS bit), 4.7999999999999998E0),
(7, CAST(1 AS bit), N'Rafa Ramos y Jordi Millan', N'Narra los hechos que suceden durante el casamiento de Teseo, duque de Atenas, con Hipólita, reina de las amazonas. Incluye las aventuras de cuatro amantes atenienses y un grupo de seis actores aficionados que son controlados por las hadas que habitan en el bosque donde la mayor parte de la obra tiene lugar.', N'Marco Carniti', 90, N'https://image.isu.pub/190709204809-9c82f7fce8bb840f1ff3b5631eef637f/jpg/page_1.jpg', N'Sueño de una Noche de Verano', CAST(0 AS bit), CAST(0 AS bit), 4.2000000000000002E0),
(8, CAST(0 AS bit), N'Francisco Fraguas y Amanda Recacha', N'Don Juan Tenorio es el personaje más célebre del teatro español. La historia de este burlador de mujeres comienza en los días de Carnaval y acaba en el Día de Difuntos. Don Juan es un seductor que se mofa de todos los valores sociales establecidos. Pero su vida cambiará al conocer a doña Inés. Gracias a su amor, el alma de don Juan se salvará de las llamas del infierno.', N'Pedro Amalio Lopez', 100, N'https://m.media-amazon.com/images/I/61Er0I3cJaL._AC_UF1000,1000_QL80_.jpg', N'Don Juan Tenorio', CAST(0 AS bit), CAST(0 AS bit), 4.2999999999999998E0),
(9, CAST(1 AS bit), N'Blanca Apilanez y Juan José Otegui', N'El pueblo de Fuente Ovejuna, ya está harto de la crueldad de su señor, que no hace más que fastidiarlos, ya sea reclutando jóvenes para sus guerras, o deshonrando a sus mujeres, y esta es la gota que colma el vaso de su paciencia, así que deciden intervenir y matar al Comendador.', N'Adolfo Marsillat', 90, N'https://m.media-amazon.com/images/I/418RabpIZVS.jpg', N'Fuenteovejuna', CAST(0 AS bit), CAST(0 AS bit), 4.5E0),
(10, CAST(1 AS bit), N'Alejandro Centro y Daniel Valdovinos', N'Es una obra humana que refleja el peregrinaje del ser humano en busca de “la Luz”, es el descubrimiento del hombre hacia Dios, con la ayuda de la razón (Virgilio) y de la fe (Beatriz). El poema es una epopeya religiosa que narra con realismo un viaje, es un canto a la humanidad.', N'Dante', 110, N'https://m.media-amazon.com/images/I/71WJbXGxPdL._AC_UF1000,1000_QL80_.jpg', N'La Divina Comedia', CAST(1 AS bit), CAST(0 AS bit), 5.0E0),
(11, CAST(0 AS bit), N'Eduardo Tovar y Virginia Sanchez', N'Argán se cree muy enfermo y no puede vivir sin estar rodeado de médicos. Para conseguir tener uno en su familia que le haga ahorrar la ingente cantidad de dinero que destina a sus curas, medicamentos y potingues, no duda en concertar un matrimonio de conveniencia entre su hija Angélica con el hijo del doctor Diafoirus.', N'Eva del Palacio', 70, N'https://www.tarambana.net/upload/espectaculos/foto_poster-1296.jpg?id=117364', N'El enfermo imaginario', CAST(0 AS bit), CAST(0 AS bit), 4.7000000000000002E0),
(12, CAST(1 AS bit), N'Tailor Swoft y Jason Derulo', N'Esta obra musical es una de las más célebres de Broadway. Fue creada por el legendario Andrew Lloyd Weber, quien a su vez se basó en los poemas de T. S. Eliot, «El libro de los gatos habilidosos del viejo Possum». Relata la historia de los Jellicle Cats, un grupo de gatos callejeros que poco a poco se va presentando ante el público, en medio de impresionantes números musicales.', N'Trevor Nunn', 120, N'https://upload.wikimedia.org/wikipedia/en/3/30/Cats_1998_DVD_Cover.jpg', N'Cats', CAST(1 AS bit), CAST(0 AS bit), 4.2999999999999998E0),
(13, CAST(0 AS bit), N'Arianna Grande y Adam James', N'Narra la historia de Elphaba, una niña nacida de color verde y cómo se convierte en la Malvada Bruja del Oeste, pasando por los sucesos que experimenta desde su nacimiento, infancia y juventud en la Universidad de Shiz hasta llegar a la edad adulta, momento de la llegada de Dorothy a la tierra de Oz.', N'Joe Mantello', 165, N'https://m.media-amazon.com/images/M/MV5BNjczYjBhMTctYTA3Yy00NTgyLWFkZWQtZjQwYTRkMDc1YTc1XkEyXkFqcGdeQXVyNTk5NTQzNDI@._V1_.jpg', N'Wicked', CAST(0 AS bit), CAST(1 AS bit), 4.7000000000000002E0),
(14, CAST(1 AS bit), N'Miguel del Arco y Gemma Castaño', N'Es la historia de Jean Valjean, un convicto que estuvo injustamente encarcelado por 19 años por haberse robado una rebanada de pan. Al ser liberado de su injusta condena, Valjean trata de escapar de su pasado, lleno de maldad y depravación, para vivir una vida digna y honesta.', N'David White', 210, N'https://m.media-amazon.com/images/I/517Cb2FS4qL.jpg', N'Los Miserables', CAST(0 AS bit), CAST(1 AS bit), 4.7999999999999998E0),
(15, CAST(0 AS bit), N' Nayra Calvo y Miguel A.Luengo', N'En Casa de muñecas Ibsen aborda el problema de la situación de la mujer de la pequeña burguesía en la sociedad de su tiempo. Nora, la protagonista, es el retrato de las mujeres de su clase y puede ofrecer un retrato con mucha actualidad para las mujeres inmersas en la vorágine del mundo contemporáneo.', N'Franco Zeffirelli', 100, N'https://images.cdn3.buscalibre.com/fit-in/360x360/ef/99/ef9995dc7f336bc670c2775b7316b143.jpg', N'Casa de Muñecas', CAST(0 AS bit), CAST(1 AS bit), 4.5999999999999996E0),
(16, CAST(1 AS bit), N' Carmelo Gomez y Joaquin Notario', N'En el alcalde de Zalamea, se cuenta la venganza del Alcalde Pedro Crespo, que da muerte a don Álvaro, el arrogante capitán que ha secuestrado a su hija. Esta reacción no se percibe como el resultado de aplicar un código rígido y bárbaro, sino como una reacción justa que será aprobada por el rey.', N'Miguel Nieto', 90, N'https://m.media-amazon.com/images/I/51fM26seM-L.jpg', N'El alcalde de Zalamea', CAST(0 AS bit), CAST(1 AS bit), 4.0999999999999996E0);
IF EXISTS (SELECT * FROM [sys].[identity_columns] WHERE [name] IN (N'idObra', N'aclamadas', N'autorObra', N'descObra', N'directorObra', N'duracionObra', N'imagen', N'nombreObra', N'recientes', N'ultimasSesiones', N'valoracionObra') AND [object_id] = OBJECT_ID(N'[Obras]'))
    SET IDENTITY_INSERT [Obras] OFF;
2024-03-19 20:09:56.121 +01:00 [INF] Executed DbCommand (7ms) [Parameters=[], CommandType='"Text"', CommandTimeout='30']
IF EXISTS (SELECT * FROM [sys].[identity_columns] WHERE [name] IN (N'idUsuario', N'nombreUsuario', N'passwordUsuario') AND [object_id] = OBJECT_ID(N'[Usuarios]'))
    SET IDENTITY_INSERT [Usuarios] ON;
INSERT INTO [Usuarios] ([idUsuario], [nombreUsuario], [passwordUsuario])
VALUES (1, N'admin', N'admin'),
(2, N'admin2', N'admin'),
(3, N'admin3', N'admin'),
(4, N'admin4', N'admin');
IF EXISTS (SELECT * FROM [sys].[identity_columns] WHERE [name] IN (N'idUsuario', N'nombreUsuario', N'passwordUsuario') AND [object_id] = OBJECT_ID(N'[Usuarios]'))
    SET IDENTITY_INSERT [Usuarios] OFF;
2024-03-19 20:09:56.125 +01:00 [INF] Executed DbCommand (2ms) [Parameters=[], CommandType='"Text"', CommandTimeout='30']
INSERT INTO [__EFMigrationsHistory] ([MigrationId], [ProductVersion])
VALUES (N'20240319190614_InitialCreate', N'7.0.0');
2024-03-19 20:11:24.943 +01:00 [INF] Executed DbCommand (125ms) [Parameters=[], CommandType='"Text"', CommandTimeout='30']
SELECT 1
2024-03-19 20:11:25.117 +01:00 [INF] Executed DbCommand (141ms) [Parameters=[], CommandType='"Text"', CommandTimeout='30']
SELECT OBJECT_ID(N'[__EFMigrationsHistory]');
2024-03-19 20:11:25.249 +01:00 [INF] Executed DbCommand (128ms) [Parameters=[], CommandType='"Text"', CommandTimeout='30']
SELECT 1
2024-03-19 20:11:25.396 +01:00 [INF] Executed DbCommand (133ms) [Parameters=[], CommandType='"Text"', CommandTimeout='30']
SELECT OBJECT_ID(N'[__EFMigrationsHistory]');
2024-03-19 20:11:25.535 +01:00 [INF] Executed DbCommand (120ms) [Parameters=[], CommandType='"Text"', CommandTimeout='30']
SELECT [MigrationId], [ProductVersion]
FROM [__EFMigrationsHistory]
ORDER BY [MigrationId];
2024-03-19 20:11:25.559 +01:00 [INF] Applying migration '20240319190614_InitialCreate'.
2024-03-19 20:11:25.907 +01:00 [ERR] Failed executing DbCommand (168ms) [Parameters=[], CommandType='"Text"', CommandTimeout='30']
CREATE TABLE [Asientos] (
    [idAsiento] int NOT NULL IDENTITY,
    [estaOcupado] bit NOT NULL,
    CONSTRAINT [PK_Asientos] PRIMARY KEY ([idAsiento])
);
2024-03-19 20:11:34.830 +01:00 [INF] Executed DbCommand (130ms) [Parameters=[], CommandType='"Text"', CommandTimeout='30']
SELECT 1
2024-03-19 20:11:36.307 +01:00 [INF] Executed DbCommand (986ms) [Parameters=[], CommandType='"Text"', CommandTimeout='60']
IF SERVERPROPERTY('EngineEdition') <> 5
BEGIN
    ALTER DATABASE [actuarte] SET SINGLE_USER WITH ROLLBACK IMMEDIATE;
END;
2024-03-19 20:11:37.024 +01:00 [INF] Executed DbCommand (712ms) [Parameters=[], CommandType='"Text"', CommandTimeout='60']
DROP DATABASE [actuarte];
2024-03-19 20:11:44.589 +01:00 [INF] Executed DbCommand (1,123ms) [Parameters=[], CommandType='"Text"', CommandTimeout='60']
CREATE DATABASE [actuarte];
2024-03-19 20:11:45.334 +01:00 [INF] Executed DbCommand (717ms) [Parameters=[], CommandType='"Text"', CommandTimeout='60']
IF SERVERPROPERTY('EngineEdition') <> 5
BEGIN
    ALTER DATABASE [actuarte] SET READ_COMMITTED_SNAPSHOT ON;
END;
2024-03-19 20:11:46.027 +01:00 [INF] Executed DbCommand (122ms) [Parameters=[], CommandType='"Text"', CommandTimeout='30']
SELECT 1
2024-03-19 20:11:46.273 +01:00 [INF] Executed DbCommand (205ms) [Parameters=[], CommandType='"Text"', CommandTimeout='30']
CREATE TABLE [__EFMigrationsHistory] (
    [MigrationId] nvarchar(150) NOT NULL,
    [ProductVersion] nvarchar(32) NOT NULL,
    CONSTRAINT [PK___EFMigrationsHistory] PRIMARY KEY ([MigrationId])
);
2024-03-19 20:11:46.405 +01:00 [INF] Executed DbCommand (127ms) [Parameters=[], CommandType='"Text"', CommandTimeout='30']
SELECT 1
2024-03-19 20:11:46.607 +01:00 [INF] Executed DbCommand (188ms) [Parameters=[], CommandType='"Text"', CommandTimeout='30']
SELECT OBJECT_ID(N'[__EFMigrationsHistory]');
2024-03-19 20:11:46.828 +01:00 [INF] Executed DbCommand (215ms) [Parameters=[], CommandType='"Text"', CommandTimeout='30']
SELECT [MigrationId], [ProductVersion]
FROM [__EFMigrationsHistory]
ORDER BY [MigrationId];
2024-03-19 20:11:46.842 +01:00 [INF] Applying migration '20240319190614_InitialCreate'.
2024-03-19 20:11:47.117 +01:00 [INF] Executed DbCommand (122ms) [Parameters=[], CommandType='"Text"', CommandTimeout='30']
CREATE TABLE [Asientos] (
    [idAsiento] int NOT NULL IDENTITY,
    [estaOcupado] bit NOT NULL,
    CONSTRAINT [PK_Asientos] PRIMARY KEY ([idAsiento])
);
2024-03-19 20:11:47.263 +01:00 [INF] Executed DbCommand (131ms) [Parameters=[], CommandType='"Text"', CommandTimeout='30']
CREATE TABLE [AsientosObrasDatos] (
    [idObjeto] int NOT NULL IDENTITY,
    [idObra] int NOT NULL,
    [idSesion] int NOT NULL,
    [idAsiento] int NOT NULL,
    CONSTRAINT [PK_AsientosObrasDatos] PRIMARY KEY ([idObjeto])
);
2024-03-19 20:11:47.394 +01:00 [INF] Executed DbCommand (117ms) [Parameters=[], CommandType='"Text"', CommandTimeout='30']
CREATE TABLE [Obras] (
    [idObra] int NOT NULL IDENTITY,
    [nombreObra] nvarchar(max) NOT NULL,
    [imagen] nvarchar(max) NULL,
    [descObra] nvarchar(max) NULL,
    [valoracionObra] float NOT NULL,
    [autorObra] nvarchar(max) NULL,
    [directorObra] nvarchar(max) NULL,
    [duracionObra] int NOT NULL,
    [aclamadas] bit NOT NULL,
    [recientes] bit NOT NULL,
    [ultimasSesiones] bit NOT NULL,
    CONSTRAINT [PK_Obras] PRIMARY KEY ([idObra])
);
2024-03-19 20:11:47.514 +01:00 [INF] Executed DbCommand (114ms) [Parameters=[], CommandType='"Text"', CommandTimeout='30']
CREATE TABLE [Usuarios] (
    [idUsuario] int NOT NULL IDENTITY,
    [nombreUsuario] nvarchar(max) NOT NULL,
    [passwordUsuario] nvarchar(max) NOT NULL,
    CONSTRAINT [PK_Usuarios] PRIMARY KEY ([idUsuario])
);
2024-03-19 20:11:47.689 +01:00 [INF] Executed DbCommand (166ms) [Parameters=[], CommandType='"Text"', CommandTimeout='30']
IF EXISTS (SELECT * FROM [sys].[identity_columns] WHERE [name] IN (N'idAsiento', N'estaOcupado') AND [object_id] = OBJECT_ID(N'[Asientos]'))
    SET IDENTITY_INSERT [Asientos] ON;
INSERT INTO [Asientos] ([idAsiento], [estaOcupado])
VALUES (1, CAST(0 AS bit)),
(2, CAST(0 AS bit)),
(3, CAST(0 AS bit)),
(4, CAST(0 AS bit)),
(5, CAST(0 AS bit)),
(6, CAST(0 AS bit)),
(7, CAST(0 AS bit)),
(8, CAST(0 AS bit)),
(9, CAST(0 AS bit)),
(10, CAST(0 AS bit)),
(11, CAST(0 AS bit)),
(12, CAST(0 AS bit)),
(13, CAST(0 AS bit)),
(14, CAST(0 AS bit)),
(15, CAST(0 AS bit)),
(16, CAST(0 AS bit)),
(17, CAST(0 AS bit)),
(18, CAST(0 AS bit)),
(19, CAST(0 AS bit)),
(20, CAST(0 AS bit)),
(21, CAST(0 AS bit)),
(22, CAST(0 AS bit)),
(23, CAST(0 AS bit)),
(24, CAST(0 AS bit)),
(25, CAST(0 AS bit)),
(26, CAST(0 AS bit)),
(27, CAST(0 AS bit)),
(28, CAST(0 AS bit)),
(29, CAST(0 AS bit)),
(30, CAST(0 AS bit)),
(31, CAST(0 AS bit)),
(32, CAST(0 AS bit)),
(33, CAST(0 AS bit)),
(34, CAST(0 AS bit)),
(35, CAST(0 AS bit)),
(36, CAST(0 AS bit)),
(37, CAST(0 AS bit)),
(38, CAST(0 AS bit)),
(39, CAST(0 AS bit)),
(40, CAST(0 AS bit)),
(41, CAST(0 AS bit)),
(42, CAST(0 AS bit));
INSERT INTO [Asientos] ([idAsiento], [estaOcupado])
VALUES (43, CAST(0 AS bit)),
(44, CAST(0 AS bit)),
(45, CAST(0 AS bit)),
(46, CAST(0 AS bit)),
(47, CAST(0 AS bit)),
(48, CAST(0 AS bit)),
(49, CAST(0 AS bit)),
(50, CAST(0 AS bit)),
(51, CAST(0 AS bit)),
(52, CAST(0 AS bit)),
(53, CAST(0 AS bit)),
(54, CAST(0 AS bit));
IF EXISTS (SELECT * FROM [sys].[identity_columns] WHERE [name] IN (N'idAsiento', N'estaOcupado') AND [object_id] = OBJECT_ID(N'[Asientos]'))
    SET IDENTITY_INSERT [Asientos] OFF;
2024-03-19 20:11:47.871 +01:00 [INF] Executed DbCommand (166ms) [Parameters=[], CommandType='"Text"', CommandTimeout='30']
IF EXISTS (SELECT * FROM [sys].[identity_columns] WHERE [name] IN (N'idObra', N'aclamadas', N'autorObra', N'descObra', N'directorObra', N'duracionObra', N'imagen', N'nombreObra', N'recientes', N'ultimasSesiones', N'valoracionObra') AND [object_id] = OBJECT_ID(N'[Obras]'))
    SET IDENTITY_INSERT [Obras] ON;
INSERT INTO [Obras] ([idObra], [aclamadas], [autorObra], [descObra], [directorObra], [duracionObra], [imagen], [nombreObra], [recientes], [ultimasSesiones], [valoracionObra])
VALUES (1, CAST(1 AS bit), N'Nayra Calvo y Miguel A.Luengo', N'La excelente y lamentable tragedia de Romeo y Julieta cuenta la historia de dos jóvenes enamorados, Romeo y Julieta, quienes pertenecen a dos familias poderosas y enemigas de la ciudad renacentista de Verona, Italia: los Montesco y los Capuleto. Los protagonistas se conocen en un baile familiar de los Capuleto, en el que Romeo y sus amigos se cuelan, a pesar del peligro que corren y de que el rey de la ciudad ha decretado una frágil tregua entre las familias. Y tan pronto como bailan, Romeo y Julieta quedan perdidamente enamorados el uno del otro.', N'Franco Zeffirelli', 90, N'https://almeriaciudad.es/cultura/wp-content/archivos/sites/21/2022/02/IMG_2391-1.jpeg', N'Romeo y Julieta', CAST(0 AS bit), CAST(0 AS bit), 5.0E0),
(2, CAST(0 AS bit), N'Nancy Fabiola Herrera y Carmen Romeu', N'Tras la muerte de su segundo esposo, Bernarda Alba se recluye e impone un luto riguroso y asfixiante por ocho años, prohibiendo a sus cinco hijas a que vayan a la fiesta. Cuando Angustias, la primogénita y la única hija del primer marido, hereda una fortuna, atrae a un pretendiente, Pepe el Romano.', N'Alfredo Sanzol', 60, N'https://chglenguayliteratura.files.wordpress.com/2020/01/aaaa.jpg', N'La Casa de Bernarda Alba', CAST(0 AS bit), CAST(0 AS bit), 4.2999999999999998E0),
(3, CAST(1 AS bit), N'Cobadonga Calderon y Javier Mañon', N'La loca pasión por Melibea, hija de un rico mercader, lleva al joven Calisto a romper todas las barreras y a aliarse con una vieja alcahueta. Desde el momento en que entra en escena, Celestina avasalla toda la obra hasta convertirse en un personaje literario de fama universal.', N'Antonio Castro Guijosa', 60, N'https://www.cervantesvirtual.com/s3/BVMC_OBRAS/ffa/c66/288/2b1/11d/fac/c70/021/85c/e60/64/mimes/imagenes/ffac6628-82b1-11df-acc7-002185ce6064_2.jpg', N'La Celestina', CAST(1 AS bit), CAST(0 AS bit), 4.7000000000000002E0),
(4, CAST(0 AS bit), N'David Luque y Rebeca Matellan', N'El rey Basilio va a tener un hijo. Pero un adivino le dice que ese nacimiento traerá el desastre al reino. En efecto, nada más nacer la madre muere, y el rey, asustado encierra a su hijo en una torre escondida entre montañas de forma que nadie sepa donde está. Solo Clotaldo, su ayo, conoce su paradero.', N'Declan Deonnellan', 100, N'https://www.elejandria.com/covers/La_vida_es_sueno-Calderon_de_la_Barca_Pedro-md.png', N'La Vida es Sueño', CAST(0 AS bit), CAST(0 AS bit), 4.4000000000000004E0),
(5, CAST(1 AS bit), N'Juan Motilla y Antonio Campos', N'La tragedia de Hamlet, Príncipe de Dinamarca cuenta la historia del joven heredero al trono danés, cuyo padre muerto se le aparece como un fantasma en las murallas del castillo, para invocar su venganza, pues su muerte no fue natural sino que fue envenenado por su propia esposa Gertrudis, madre de Hamlet, y su hermano y actual rey, Claudio.', N'Miguel del Arco', 95, N'https://cdn.kobo.com/book-images/5fc4252b-1c4f-40ef-9975-22982c94f12c/1200/1200/False/hamlet-prince-of-denmark-23.jpg', N'Hamlet', CAST(1 AS bit), CAST(0 AS bit), 4.5E0),
(6, CAST(0 AS bit), N'Manu Pilas y Gerónimo Raouch', N'Misterio y amor en las catacumbas de París. En los sótanos de la Ópera de París se esconde un misterioso personaje que oculta su rostro desfigurado. Este ser acecha por los camerinos y vigila a Christine, una inocente muchacha con gran talento de la que se ha enamorado. A través de un tenebroso y cruel personaje, Erik, atormentado por la deformidad de su rostro y su pasión por la belleza, y de los recovecos de un edificio, la Ópera de París, Leroux nos introduce en el mundo del otro lado del telón.', N'Federico Bellone', 150, N'https://teatroaranjuez.es/wp-content/uploads/2023/10/el-fantasma-de-la-opera-330x467-1.jpg', N'El Fantasma de la Ópera', CAST(1 AS bit), CAST(0 AS bit), 4.7999999999999998E0),
(7, CAST(1 AS bit), N'Rafa Ramos y Jordi Millan', N'Narra los hechos que suceden durante el casamiento de Teseo, duque de Atenas, con Hipólita, reina de las amazonas. Incluye las aventuras de cuatro amantes atenienses y un grupo de seis actores aficionados que son controlados por las hadas que habitan en el bosque donde la mayor parte de la obra tiene lugar.', N'Marco Carniti', 90, N'https://image.isu.pub/190709204809-9c82f7fce8bb840f1ff3b5631eef637f/jpg/page_1.jpg', N'Sueño de una Noche de Verano', CAST(0 AS bit), CAST(0 AS bit), 4.2000000000000002E0),
(8, CAST(0 AS bit), N'Francisco Fraguas y Amanda Recacha', N'Don Juan Tenorio es el personaje más célebre del teatro español. La historia de este burlador de mujeres comienza en los días de Carnaval y acaba en el Día de Difuntos. Don Juan es un seductor que se mofa de todos los valores sociales establecidos. Pero su vida cambiará al conocer a doña Inés. Gracias a su amor, el alma de don Juan se salvará de las llamas del infierno.', N'Pedro Amalio Lopez', 100, N'https://m.media-amazon.com/images/I/61Er0I3cJaL._AC_UF1000,1000_QL80_.jpg', N'Don Juan Tenorio', CAST(0 AS bit), CAST(0 AS bit), 4.2999999999999998E0),
(9, CAST(1 AS bit), N'Blanca Apilanez y Juan José Otegui', N'El pueblo de Fuente Ovejuna, ya está harto de la crueldad de su señor, que no hace más que fastidiarlos, ya sea reclutando jóvenes para sus guerras, o deshonrando a sus mujeres, y esta es la gota que colma el vaso de su paciencia, así que deciden intervenir y matar al Comendador.', N'Adolfo Marsillat', 90, N'https://m.media-amazon.com/images/I/418RabpIZVS.jpg', N'Fuenteovejuna', CAST(0 AS bit), CAST(0 AS bit), 4.5E0),
(10, CAST(1 AS bit), N'Alejandro Centro y Daniel Valdovinos', N'Es una obra humana que refleja el peregrinaje del ser humano en busca de “la Luz”, es el descubrimiento del hombre hacia Dios, con la ayuda de la razón (Virgilio) y de la fe (Beatriz). El poema es una epopeya religiosa que narra con realismo un viaje, es un canto a la humanidad.', N'Dante', 110, N'https://m.media-amazon.com/images/I/71WJbXGxPdL._AC_UF1000,1000_QL80_.jpg', N'La Divina Comedia', CAST(1 AS bit), CAST(0 AS bit), 5.0E0),
(11, CAST(0 AS bit), N'Eduardo Tovar y Virginia Sanchez', N'Argán se cree muy enfermo y no puede vivir sin estar rodeado de médicos. Para conseguir tener uno en su familia que le haga ahorrar la ingente cantidad de dinero que destina a sus curas, medicamentos y potingues, no duda en concertar un matrimonio de conveniencia entre su hija Angélica con el hijo del doctor Diafoirus.', N'Eva del Palacio', 70, N'https://www.tarambana.net/upload/espectaculos/foto_poster-1296.jpg?id=117364', N'El enfermo imaginario', CAST(0 AS bit), CAST(0 AS bit), 4.7000000000000002E0),
(12, CAST(1 AS bit), N'Tailor Swoft y Jason Derulo', N'Esta obra musical es una de las más célebres de Broadway. Fue creada por el legendario Andrew Lloyd Weber, quien a su vez se basó en los poemas de T. S. Eliot, «El libro de los gatos habilidosos del viejo Possum». Relata la historia de los Jellicle Cats, un grupo de gatos callejeros que poco a poco se va presentando ante el público, en medio de impresionantes números musicales.', N'Trevor Nunn', 120, N'https://upload.wikimedia.org/wikipedia/en/3/30/Cats_1998_DVD_Cover.jpg', N'Cats', CAST(1 AS bit), CAST(0 AS bit), 4.2999999999999998E0),
(13, CAST(0 AS bit), N'Arianna Grande y Adam James', N'Narra la historia de Elphaba, una niña nacida de color verde y cómo se convierte en la Malvada Bruja del Oeste, pasando por los sucesos que experimenta desde su nacimiento, infancia y juventud en la Universidad de Shiz hasta llegar a la edad adulta, momento de la llegada de Dorothy a la tierra de Oz.', N'Joe Mantello', 165, N'https://m.media-amazon.com/images/M/MV5BNjczYjBhMTctYTA3Yy00NTgyLWFkZWQtZjQwYTRkMDc1YTc1XkEyXkFqcGdeQXVyNTk5NTQzNDI@._V1_.jpg', N'Wicked', CAST(0 AS bit), CAST(1 AS bit), 4.7000000000000002E0),
(14, CAST(1 AS bit), N'Miguel del Arco y Gemma Castaño', N'Es la historia de Jean Valjean, un convicto que estuvo injustamente encarcelado por 19 años por haberse robado una rebanada de pan. Al ser liberado de su injusta condena, Valjean trata de escapar de su pasado, lleno de maldad y depravación, para vivir una vida digna y honesta.', N'David White', 210, N'https://m.media-amazon.com/images/I/517Cb2FS4qL.jpg', N'Los Miserables', CAST(0 AS bit), CAST(1 AS bit), 4.7999999999999998E0),
(15, CAST(0 AS bit), N' Nayra Calvo y Miguel A.Luengo', N'En Casa de muñecas Ibsen aborda el problema de la situación de la mujer de la pequeña burguesía en la sociedad de su tiempo. Nora, la protagonista, es el retrato de las mujeres de su clase y puede ofrecer un retrato con mucha actualidad para las mujeres inmersas en la vorágine del mundo contemporáneo.', N'Franco Zeffirelli', 100, N'https://images.cdn3.buscalibre.com/fit-in/360x360/ef/99/ef9995dc7f336bc670c2775b7316b143.jpg', N'Casa de Muñecas', CAST(0 AS bit), CAST(1 AS bit), 4.5999999999999996E0),
(16, CAST(1 AS bit), N' Carmelo Gomez y Joaquin Notario', N'En el alcalde de Zalamea, se cuenta la venganza del Alcalde Pedro Crespo, que da muerte a don Álvaro, el arrogante capitán que ha secuestrado a su hija. Esta reacción no se percibe como el resultado de aplicar un código rígido y bárbaro, sino como una reacción justa que será aprobada por el rey.', N'Miguel Nieto', 90, N'https://m.media-amazon.com/images/I/51fM26seM-L.jpg', N'El alcalde de Zalamea', CAST(0 AS bit), CAST(1 AS bit), 4.0999999999999996E0);
IF EXISTS (SELECT * FROM [sys].[identity_columns] WHERE [name] IN (N'idObra', N'aclamadas', N'autorObra', N'descObra', N'directorObra', N'duracionObra', N'imagen', N'nombreObra', N'recientes', N'ultimasSesiones', N'valoracionObra') AND [object_id] = OBJECT_ID(N'[Obras]'))
    SET IDENTITY_INSERT [Obras] OFF;
2024-03-19 20:11:48.069 +01:00 [INF] Executed DbCommand (179ms) [Parameters=[], CommandType='"Text"', CommandTimeout='30']
IF EXISTS (SELECT * FROM [sys].[identity_columns] WHERE [name] IN (N'idUsuario', N'nombreUsuario', N'passwordUsuario') AND [object_id] = OBJECT_ID(N'[Usuarios]'))
    SET IDENTITY_INSERT [Usuarios] ON;
INSERT INTO [Usuarios] ([idUsuario], [nombreUsuario], [passwordUsuario])
VALUES (1, N'admin', N'admin'),
(2, N'admin2', N'admin'),
(3, N'admin3', N'admin'),
(4, N'admin4', N'admin');
IF EXISTS (SELECT * FROM [sys].[identity_columns] WHERE [name] IN (N'idUsuario', N'nombreUsuario', N'passwordUsuario') AND [object_id] = OBJECT_ID(N'[Usuarios]'))
    SET IDENTITY_INSERT [Usuarios] OFF;
2024-03-19 20:11:48.211 +01:00 [INF] Executed DbCommand (125ms) [Parameters=[], CommandType='"Text"', CommandTimeout='30']
INSERT INTO [__EFMigrationsHistory] ([MigrationId], [ProductVersion])
VALUES (N'20240319190614_InitialCreate', N'7.0.0');
2024-03-19 20:13:02.922 +01:00 [INF] Executed DbCommand (12ms) [Parameters=[], CommandType='"Text"', CommandTimeout='30']
SELECT 1
2024-03-19 20:13:02.965 +01:00 [INF] Executed DbCommand (9ms) [Parameters=[], CommandType='"Text"', CommandTimeout='30']
SELECT OBJECT_ID(N'[__EFMigrationsHistory]');
2024-03-19 20:13:02.971 +01:00 [INF] Executed DbCommand (2ms) [Parameters=[], CommandType='"Text"', CommandTimeout='30']
SELECT 1
2024-03-19 20:13:02.974 +01:00 [INF] Executed DbCommand (1ms) [Parameters=[], CommandType='"Text"', CommandTimeout='30']
SELECT OBJECT_ID(N'[__EFMigrationsHistory]');
2024-03-19 20:13:02.990 +01:00 [INF] Executed DbCommand (2ms) [Parameters=[], CommandType='"Text"', CommandTimeout='30']
SELECT [MigrationId], [ProductVersion]
FROM [__EFMigrationsHistory]
ORDER BY [MigrationId];
2024-03-19 20:13:03.001 +01:00 [INF] No migrations were applied. The database is already up to date.
2024-03-19 19:13:44.089 +00:00 [WRN] Storing keys in a directory '/root/.aspnet/DataProtection-Keys' that may not be persisted outside of the container. Protected data will be unavailable when container is destroyed.
2024-03-19 19:13:44.120 +00:00 [INF] User profile is available. Using '/root/.aspnet/DataProtection-Keys' as key repository; keys will not be encrypted at rest.
2024-03-19 19:13:44.159 +00:00 [INF] Creating key {e542b3fd-3d54-430a-9f7b-73677592d6e5} with creation date 2024-03-19 19:13:44Z, activation date 2024-03-19 19:13:44Z, and expiration date 2024-06-17 19:13:44Z.
2024-03-19 19:13:44.168 +00:00 [WRN] No XML encryptor configured. Key {e542b3fd-3d54-430a-9f7b-73677592d6e5} may be persisted to storage in unencrypted form.
2024-03-19 19:13:44.171 +00:00 [INF] Writing data to file '/root/.aspnet/DataProtection-Keys/key-e542b3fd-3d54-430a-9f7b-73677592d6e5.xml'.
2024-03-19 19:13:44.213 +00:00 [INF] Now listening on: http://[::]:80
2024-03-19 19:13:44.216 +00:00 [INF] Application started. Press Ctrl+C to shut down.
2024-03-19 19:13:44.217 +00:00 [INF] Hosting environment: Production
2024-03-19 19:13:44.217 +00:00 [INF] Content root path: /app
2024-03-19 19:13:52.802 +00:00 [INF] Request starting HTTP/1.1 GET http://localhost:8001/swagger/index.html - -
2024-03-19 19:13:52.890 +00:00 [INF] Request finished HTTP/1.1 GET http://localhost:8001/swagger/index.html - - - 200 - text/html;charset=utf-8 88.8144ms
2024-03-19 19:13:52.901 +00:00 [INF] Request starting HTTP/1.1 GET http://localhost:8001/swagger/swagger-ui-bundle.js - -
2024-03-19 19:13:52.901 +00:00 [INF] Request starting HTTP/1.1 GET http://localhost:8001/swagger/swagger-ui-standalone-preset.js - -
2024-03-19 19:13:52.903 +00:00 [INF] Request starting HTTP/1.1 GET http://localhost:8001/swagger/swagger-ui.css - -
2024-03-19 19:13:52.922 +00:00 [INF] Sending file. Request path: '/swagger-ui-bundle.js'. Physical path: 'N/A'
2024-03-19 19:13:52.922 +00:00 [INF] Sending file. Request path: '/swagger-ui-standalone-preset.js'. Physical path: 'N/A'
2024-03-19 19:13:52.922 +00:00 [INF] Sending file. Request path: '/swagger-ui.css'. Physical path: 'N/A'
2024-03-19 19:13:52.926 +00:00 [INF] Request finished HTTP/1.1 GET http://localhost:8001/swagger/swagger-ui-standalone-preset.js - - - 200 312163 text/javascript 24.3740ms
2024-03-19 19:13:52.926 +00:00 [INF] Request finished HTTP/1.1 GET http://localhost:8001/swagger/swagger-ui-bundle.js - - - 200 1061536 text/javascript 24.4170ms
2024-03-19 19:13:52.926 +00:00 [INF] Request finished HTTP/1.1 GET http://localhost:8001/swagger/swagger-ui.css - - - 200 144929 text/css 22.9107ms
2024-03-19 19:13:52.980 +00:00 [INF] Request starting HTTP/1.1 GET http://localhost:8001/swagger/v1/swagger.json - -
2024-03-19 19:13:52.989 +00:00 [INF] Request starting HTTP/1.1 GET http://localhost:8001/swagger/favicon-32x32.png - -
2024-03-19 19:13:52.990 +00:00 [INF] Sending file. Request path: '/favicon-32x32.png'. Physical path: 'N/A'
2024-03-19 19:13:52.991 +00:00 [INF] Request finished HTTP/1.1 GET http://localhost:8001/swagger/favicon-32x32.png - - - 200 628 image/png 1.6224ms
2024-03-19 19:13:53.053 +00:00 [INF] Request finished HTTP/1.1 GET http://localhost:8001/swagger/v1/swagger.json - - - 200 - application/json;charset=utf-8 73.2853ms
2024-03-19 19:13:54.427 +00:00 [INF] Request starting HTTP/1.1 GET http://localhost:8001/Obras - -
2024-03-19 19:13:54.432 +00:00 [WRN] Failed to determine the https port for redirect.
2024-03-19 19:13:54.452 +00:00 [INF] CORS policy execution successful.
2024-03-19 19:13:54.455 +00:00 [INF] Executing endpoint 'ActuArte.Controllers.ObrasController.GetAll (ActuArte.Api)'
2024-03-19 19:13:54.470 +00:00 [INF] Route matched with {action = "GetAll", controller = "Obras"}. Executing controller action with signature Microsoft.AspNetCore.Mvc.ActionResult`1[System.Collections.Generic.List`1[ActuArte.Models.Obras]] GetAll() on controller ActuArte.Controllers.ObrasController (ActuArte.Api).
2024-03-19 19:13:55.083 +00:00 [INF] Executed DbCommand (13ms) [Parameters=[], CommandType='"Text"', CommandTimeout='30']
SELECT [o].[idObra], [o].[aclamadas], [o].[autorObra], [o].[descObra], [o].[directorObra], [o].[duracionObra], [o].[imagen], [o].[nombreObra], [o].[recientes], [o].[ultimasSesiones], [o].[valoracionObra]
FROM [Obras] AS [o]
2024-03-19 19:13:55.132 +00:00 [INF] Executing ObjectResult, writing value of type 'System.Collections.Generic.List`1[[ActuArte.Models.Obras, ActuArte.Models, Version=1.0.0.0, Culture=neutral, PublicKeyToken=null]]'.
2024-03-19 19:13:55.147 +00:00 [INF] Executed action ActuArte.Controllers.ObrasController.GetAll (ActuArte.Api) in 674.8973ms
2024-03-19 19:13:55.148 +00:00 [INF] Executed endpoint 'ActuArte.Controllers.ObrasController.GetAll (ActuArte.Api)'
2024-03-19 19:13:55.156 +00:00 [INF] Request finished HTTP/1.1 GET http://localhost:8001/Obras - - - 200 - application/json;+charset=utf-8 729.1215ms
2024-03-19 19:14:00.152 +00:00 [INF] Request starting HTTP/1.1 GET http://localhost:8001/Obras - -
2024-03-19 19:14:00.154 +00:00 [INF] Executing endpoint 'ActuArte.Controllers.ObrasController.GetAll (ActuArte.Api)'
2024-03-19 19:14:00.155 +00:00 [INF] Route matched with {action = "GetAll", controller = "Obras"}. Executing controller action with signature Microsoft.AspNetCore.Mvc.ActionResult`1[System.Collections.Generic.List`1[ActuArte.Models.Obras]] GetAll() on controller ActuArte.Controllers.ObrasController (ActuArte.Api).
2024-03-19 19:14:00.169 +00:00 [INF] Executed DbCommand (1ms) [Parameters=[], CommandType='"Text"', CommandTimeout='30']
SELECT [o].[idObra], [o].[aclamadas], [o].[autorObra], [o].[descObra], [o].[directorObra], [o].[duracionObra], [o].[imagen], [o].[nombreObra], [o].[recientes], [o].[ultimasSesiones], [o].[valoracionObra]
FROM [Obras] AS [o]
2024-03-19 19:14:00.171 +00:00 [INF] Executing ObjectResult, writing value of type 'System.Collections.Generic.List`1[[ActuArte.Models.Obras, ActuArte.Models, Version=1.0.0.0, Culture=neutral, PublicKeyToken=null]]'.
2024-03-19 19:14:00.172 +00:00 [INF] Executed action ActuArte.Controllers.ObrasController.GetAll (ActuArte.Api) in 16.4283ms
2024-03-19 19:14:00.172 +00:00 [INF] Executed endpoint 'ActuArte.Controllers.ObrasController.GetAll (ActuArte.Api)'
2024-03-19 19:14:00.173 +00:00 [INF] Request finished HTTP/1.1 GET http://localhost:8001/Obras - - - 200 - application/json;+charset=utf-8 21.2322ms
2024-03-19 19:14:08.201 +00:00 [INF] Request starting HTTP/1.1 POST http://localhost:8001/Auth/login application/json 60
2024-03-19 19:14:08.202 +00:00 [INF] CORS policy execution failed.
2024-03-19 19:14:08.203 +00:00 [INF] Request origin http://localhost:8001 does not have permission to access the resource.
2024-03-19 19:14:08.203 +00:00 [INF] Executing endpoint 'ActuArte.Controllers.AuthController.Login (ActuArte.Api)'
2024-03-19 19:14:08.211 +00:00 [INF] Route matched with {action = "Login", controller = "Auth"}. Executing controller action with signature Microsoft.AspNetCore.Mvc.IActionResult Login(ActuArte.Models.UsuariosDTO) on controller ActuArte.Controllers.AuthController (ActuArte.Api).
2024-03-19 19:14:08.231 +00:00 [INF] Intentando logear usuario
2024-03-19 19:14:08.347 +00:00 [INF] Executed DbCommand (30ms) [Parameters=[@__usuariosDTO_nombreUsuario_0='?' (Size = 4000), @__usuariosDTO_passwordUsuario_1='?' (Size = 4000)], CommandType='"Text"', CommandTimeout='30']
SELECT TOP(1) [u].[idUsuario], [u].[nombreUsuario], [u].[passwordUsuario]
FROM [Usuarios] AS [u]
WHERE [u].[nombreUsuario] = @__usuariosDTO_nombreUsuario_0 AND [u].[passwordUsuario] = @__usuariosDTO_passwordUsuario_1
2024-03-19 19:14:08.349 +00:00 [INF] Usuario correcto
2024-03-19 19:14:08.349 +00:00 [INF] Executing OkObjectResult, writing value of type 'ActuArte.Models.Usuarios'.
2024-03-19 19:14:08.350 +00:00 [INF] Executed action ActuArte.Controllers.AuthController.Login (ActuArte.Api) in 138.367ms
2024-03-19 19:14:08.351 +00:00 [INF] Executed endpoint 'ActuArte.Controllers.AuthController.Login (ActuArte.Api)'
2024-03-19 19:14:08.351 +00:00 [INF] Request finished HTTP/1.1 POST http://localhost:8001/Auth/login application/json 60 - 200 - application/json;+charset=utf-8 150.4009ms
2024-03-19 19:14:15.984 +00:00 [INF] Request starting HTTP/1.1 POST http://localhost:8001/Auth/login application/json 61
2024-03-19 19:14:15.985 +00:00 [INF] CORS policy execution failed.
2024-03-19 19:14:15.985 +00:00 [INF] Request origin http://localhost:8001 does not have permission to access the resource.
2024-03-19 19:14:15.986 +00:00 [INF] Executing endpoint 'ActuArte.Controllers.AuthController.Login (ActuArte.Api)'
2024-03-19 19:14:15.986 +00:00 [INF] Route matched with {action = "Login", controller = "Auth"}. Executing controller action with signature Microsoft.AspNetCore.Mvc.IActionResult Login(ActuArte.Models.UsuariosDTO) on controller ActuArte.Controllers.AuthController (ActuArte.Api).
2024-03-19 19:14:15.989 +00:00 [INF] Intentando logear usuario
2024-03-19 19:14:15.993 +00:00 [INF] Executed DbCommand (1ms) [Parameters=[@__usuariosDTO_nombreUsuario_0='?' (Size = 4000), @__usuariosDTO_passwordUsuario_1='?' (Size = 4000)], CommandType='"Text"', CommandTimeout='30']
SELECT TOP(1) [u].[idUsuario], [u].[nombreUsuario], [u].[passwordUsuario]
FROM [Usuarios] AS [u]
WHERE [u].[nombreUsuario] = @__usuariosDTO_nombreUsuario_0 AND [u].[passwordUsuario] = @__usuariosDTO_passwordUsuario_1
2024-03-19 19:14:15.994 +00:00 [INF] Executing UnauthorizedObjectResult, writing value of type 'System.String'.
2024-03-19 19:14:15.995 +00:00 [INF] Executed action ActuArte.Controllers.AuthController.Login (ActuArte.Api) in 7.9678ms
2024-03-19 19:14:15.995 +00:00 [INF] Executed endpoint 'ActuArte.Controllers.AuthController.Login (ActuArte.Api)'
2024-03-19 19:14:15.996 +00:00 [INF] Request finished HTTP/1.1 POST http://localhost:8001/Auth/login application/json 61 - 401 - text/plain;+charset=utf-8 11.8943ms
2024-03-19 19:14:19.164 +00:00 [INF] Request starting HTTP/1.1 GET http://localhost:8001/swagger/index.html - -
2024-03-19 19:14:19.165 +00:00 [INF] Request finished HTTP/1.1 GET http://localhost:8001/swagger/index.html - - - 200 - text/html;charset=utf-8 1.2718ms
2024-03-19 19:14:19.175 +00:00 [INF] Request starting HTTP/1.1 GET http://localhost:8001/swagger/swagger-ui.css - -
2024-03-19 19:14:19.175 +00:00 [INF] Request starting HTTP/1.1 GET http://localhost:8001/swagger/swagger-ui-standalone-preset.js - -
2024-03-19 19:14:19.175 +00:00 [INF] Request starting HTTP/1.1 GET http://localhost:8001/swagger/swagger-ui-bundle.js - -
2024-03-19 19:14:19.177 +00:00 [INF] Sending file. Request path: '/swagger-ui.css'. Physical path: 'N/A'
2024-03-19 19:14:19.177 +00:00 [INF] Sending file. Request path: '/swagger-ui-standalone-preset.js'. Physical path: 'N/A'
2024-03-19 19:14:19.181 +00:00 [INF] Sending file. Request path: '/swagger-ui-bundle.js'. Physical path: 'N/A'
2024-03-19 19:14:19.181 +00:00 [INF] Request finished HTTP/1.1 GET http://localhost:8001/swagger/swagger-ui-standalone-preset.js - - - 200 312163 text/javascript 6.1268ms
2024-03-19 19:14:19.178 +00:00 [INF] Request finished HTTP/1.1 GET http://localhost:8001/swagger/swagger-ui.css - - - 200 144929 text/css 2.9177ms
2024-03-19 19:14:19.182 +00:00 [INF] Request finished HTTP/1.1 GET http://localhost:8001/swagger/swagger-ui-bundle.js - - - 200 1061536 text/javascript 6.6083ms
2024-03-19 19:14:19.264 +00:00 [INF] Request starting HTTP/1.1 GET http://localhost:8001/swagger/v1/swagger.json - -
2024-03-19 19:14:19.266 +00:00 [INF] Request starting HTTP/1.1 GET http://localhost:8001/swagger/favicon-32x32.png - -
2024-03-19 19:14:19.266 +00:00 [INF] Sending file. Request path: '/favicon-32x32.png'. Physical path: 'N/A'
2024-03-19 19:14:19.267 +00:00 [INF] Request finished HTTP/1.1 GET http://localhost:8001/swagger/favicon-32x32.png - - - 200 628 image/png 0.8381ms
2024-03-19 19:14:19.270 +00:00 [INF] Request finished HTTP/1.1 GET http://localhost:8001/swagger/v1/swagger.json - - - 200 - application/json;charset=utf-8 5.7319ms
2024-03-19 19:14:42.581 +00:00 [INF] Request starting HTTP/1.1 GET http://localhost:8001/Usuarios - -
2024-03-19 19:14:42.582 +00:00 [INF] Executing endpoint 'ActuArte.Controllers.UsuariosController.GetAll (ActuArte.Api)'
2024-03-19 19:14:42.584 +00:00 [INF] Route matched with {action = "GetAll", controller = "Usuarios"}. Executing controller action with signature Microsoft.AspNetCore.Mvc.ActionResult`1[System.Collections.Generic.List`1[ActuArte.Models.Usuarios]] GetAll() on controller ActuArte.Controllers.UsuariosController (ActuArte.Api).
2024-03-19 19:14:42.591 +00:00 [INF] Executed DbCommand (2ms) [Parameters=[], CommandType='"Text"', CommandTimeout='30']
SELECT [u].[idUsuario], [u].[nombreUsuario], [u].[passwordUsuario]
FROM [Usuarios] AS [u]
2024-03-19 19:14:42.595 +00:00 [INF] Executing ObjectResult, writing value of type 'System.Collections.Generic.List`1[[ActuArte.Models.Usuarios, ActuArte.Models, Version=1.0.0.0, Culture=neutral, PublicKeyToken=null]]'.
2024-03-19 19:14:42.596 +00:00 [INF] Executed action ActuArte.Controllers.UsuariosController.GetAll (ActuArte.Api) in 11.4442ms
2024-03-19 19:14:42.597 +00:00 [INF] Executed endpoint 'ActuArte.Controllers.UsuariosController.GetAll (ActuArte.Api)'
2024-03-19 19:14:42.598 +00:00 [INF] Request finished HTTP/1.1 GET http://localhost:8001/Usuarios - - - 200 - application/json;+charset=utf-8 16.6500ms
2024-03-19 19:15:17.266 +00:00 [INF] Request starting HTTP/1.1 POST http://localhost:8001/Usuarios application/json 80
2024-03-19 19:15:17.267 +00:00 [INF] CORS policy execution failed.
2024-03-19 19:15:17.267 +00:00 [INF] Request origin http://localhost:8001 does not have permission to access the resource.
2024-03-19 19:15:17.268 +00:00 [INF] Executing endpoint 'ActuArte.Controllers.UsuariosController.Create (ActuArte.Api)'
2024-03-19 19:15:17.269 +00:00 [INF] Route matched with {action = "Create", controller = "Usuarios"}. Executing controller action with signature Microsoft.AspNetCore.Mvc.ActionResult`1[ActuArte.Models.UsuariosDTO] Create(ActuArte.Models.Usuarios) on controller ActuArte.Controllers.UsuariosController (ActuArte.Api).
2024-03-19 19:15:17.279 +00:00 [INF] Executed DbCommand (1ms) [Parameters=[@__id_0='?' (DbType = Int32)], CommandType='"Text"', CommandTimeout='30']
SELECT TOP(1) [u].[idUsuario], [u].[nombreUsuario], [u].[passwordUsuario]
FROM [Usuarios] AS [u]
WHERE [u].[idUsuario] = @__id_0
2024-03-19 19:15:17.331 +00:00 [INF] Executed DbCommand (7ms) [Parameters=[@p0='?' (Size = 4000), @p1='?' (Size = 4000)], CommandType='"Text"', CommandTimeout='30']
SET IMPLICIT_TRANSACTIONS OFF;
SET NOCOUNT ON;
INSERT INTO [Usuarios] ([nombreUsuario], [passwordUsuario])
OUTPUT INSERTED.[idUsuario]
VALUES (@p0, @p1);
2024-03-19 19:15:17.341 +00:00 [INF] Usuario posteado correctamente
2024-03-19 19:15:17.342 +00:00 [INF] Executing CreatedAtActionResult, writing value of type 'ActuArte.Models.Usuarios'.
2024-03-19 19:15:17.355 +00:00 [INF] Executed action ActuArte.Controllers.UsuariosController.Create (ActuArte.Api) in 84.9244ms
2024-03-19 19:15:17.355 +00:00 [INF] Executed endpoint 'ActuArte.Controllers.UsuariosController.Create (ActuArte.Api)'
2024-03-19 19:15:17.356 +00:00 [INF] Request finished HTTP/1.1 POST http://localhost:8001/Usuarios application/json 80 - 201 - application/json;+charset=utf-8 89.7525ms
2024-03-19 19:15:21.103 +00:00 [INF] Request starting HTTP/1.1 GET http://localhost:8001/Usuarios - -
2024-03-19 19:15:21.104 +00:00 [INF] Executing endpoint 'ActuArte.Controllers.UsuariosController.GetAll (ActuArte.Api)'
2024-03-19 19:15:21.104 +00:00 [INF] Route matched with {action = "GetAll", controller = "Usuarios"}. Executing controller action with signature Microsoft.AspNetCore.Mvc.ActionResult`1[System.Collections.Generic.List`1[ActuArte.Models.Usuarios]] GetAll() on controller ActuArte.Controllers.UsuariosController (ActuArte.Api).
2024-03-19 19:15:21.108 +00:00 [INF] Executed DbCommand (1ms) [Parameters=[], CommandType='"Text"', CommandTimeout='30']
SELECT [u].[idUsuario], [u].[nombreUsuario], [u].[passwordUsuario]
FROM [Usuarios] AS [u]
2024-03-19 19:15:21.109 +00:00 [INF] Executing ObjectResult, writing value of type 'System.Collections.Generic.List`1[[ActuArte.Models.Usuarios, ActuArte.Models, Version=1.0.0.0, Culture=neutral, PublicKeyToken=null]]'.
2024-03-19 19:15:21.110 +00:00 [INF] Executed action ActuArte.Controllers.UsuariosController.GetAll (ActuArte.Api) in 5.2657ms
2024-03-19 19:15:21.110 +00:00 [INF] Executed endpoint 'ActuArte.Controllers.UsuariosController.GetAll (ActuArte.Api)'
2024-03-19 19:15:21.111 +00:00 [INF] Request finished HTTP/1.1 GET http://localhost:8001/Usuarios - - - 200 - application/json;+charset=utf-8 7.8511ms
2024-03-19 19:15:44.107 +00:00 [INF] Request starting HTTP/1.1 POST http://localhost:8001/Auth/login application/json 61
2024-03-19 19:15:44.108 +00:00 [INF] CORS policy execution failed.
2024-03-19 19:15:44.108 +00:00 [INF] Request origin http://localhost:8001 does not have permission to access the resource.
2024-03-19 19:15:44.109 +00:00 [INF] Executing endpoint 'ActuArte.Controllers.AuthController.Login (ActuArte.Api)'
2024-03-19 19:15:44.109 +00:00 [INF] Route matched with {action = "Login", controller = "Auth"}. Executing controller action with signature Microsoft.AspNetCore.Mvc.IActionResult Login(ActuArte.Models.UsuariosDTO) on controller ActuArte.Controllers.AuthController (ActuArte.Api).
2024-03-19 19:15:44.111 +00:00 [INF] Intentando logear usuario
2024-03-19 19:15:44.114 +00:00 [INF] Executed DbCommand (1ms) [Parameters=[@__usuariosDTO_nombreUsuario_0='?' (Size = 4000), @__usuariosDTO_passwordUsuario_1='?' (Size = 4000)], CommandType='"Text"', CommandTimeout='30']
SELECT TOP(1) [u].[idUsuario], [u].[nombreUsuario], [u].[passwordUsuario]
FROM [Usuarios] AS [u]
WHERE [u].[nombreUsuario] = @__usuariosDTO_nombreUsuario_0 AND [u].[passwordUsuario] = @__usuariosDTO_passwordUsuario_1
2024-03-19 19:15:44.114 +00:00 [INF] Executing UnauthorizedObjectResult, writing value of type 'System.String'.
2024-03-19 19:15:44.115 +00:00 [INF] Executed action ActuArte.Controllers.AuthController.Login (ActuArte.Api) in 5.1274ms
2024-03-19 19:15:44.115 +00:00 [INF] Executed endpoint 'ActuArte.Controllers.AuthController.Login (ActuArte.Api)'
2024-03-19 19:15:44.116 +00:00 [INF] Request finished HTTP/1.1 POST http://localhost:8001/Auth/login application/json 61 - 401 - text/plain;+charset=utf-8 8.2890ms
2024-03-19 19:17:39.137 +00:00 [INF] Request starting HTTP/1.1 POST http://localhost:8001/Auth/login application/json 62
2024-03-19 19:17:39.138 +00:00 [INF] CORS policy execution failed.
2024-03-19 19:17:39.138 +00:00 [INF] Request origin http://localhost:8001 does not have permission to access the resource.
2024-03-19 19:17:39.139 +00:00 [INF] Executing endpoint 'ActuArte.Controllers.AuthController.Login (ActuArte.Api)'
2024-03-19 19:17:39.139 +00:00 [INF] Route matched with {action = "Login", controller = "Auth"}. Executing controller action with signature Microsoft.AspNetCore.Mvc.IActionResult Login(ActuArte.Models.UsuariosDTO) on controller ActuArte.Controllers.AuthController (ActuArte.Api).
2024-03-19 19:17:39.140 +00:00 [INF] Intentando logear usuario
2024-03-19 19:17:39.143 +00:00 [INF] Executed DbCommand (1ms) [Parameters=[@__usuariosDTO_nombreUsuario_0='?' (Size = 4000), @__usuariosDTO_passwordUsuario_1='?' (Size = 4000)], CommandType='"Text"', CommandTimeout='30']
SELECT TOP(1) [u].[idUsuario], [u].[nombreUsuario], [u].[passwordUsuario]
FROM [Usuarios] AS [u]
WHERE [u].[nombreUsuario] = @__usuariosDTO_nombreUsuario_0 AND [u].[passwordUsuario] = @__usuariosDTO_passwordUsuario_1
2024-03-19 19:17:39.144 +00:00 [INF] Usuario correcto
2024-03-19 19:17:39.144 +00:00 [INF] Executing OkObjectResult, writing value of type 'ActuArte.Models.Usuarios'.
2024-03-19 19:17:39.145 +00:00 [INF] Executed action ActuArte.Controllers.AuthController.Login (ActuArte.Api) in 5.6201ms
2024-03-19 19:17:39.145 +00:00 [INF] Executed endpoint 'ActuArte.Controllers.AuthController.Login (ActuArte.Api)'
2024-03-19 19:17:39.146 +00:00 [INF] Request finished HTTP/1.1 POST http://localhost:8001/Auth/login application/json 62 - 200 - application/json;+charset=utf-8 8.9411ms
2024-03-19 19:17:55.661 +00:00 [INF] Request starting HTTP/1.1 DELETE http://localhost:8001/Usuarios/5 - -
2024-03-19 19:17:55.662 +00:00 [INF] CORS policy execution failed.
2024-03-19 19:17:55.663 +00:00 [INF] Request origin http://localhost:8001 does not have permission to access the resource.
2024-03-19 19:17:55.663 +00:00 [INF] Executing endpoint 'ActuArte.Controllers.UsuariosController.Delete (ActuArte.Api)'
2024-03-19 19:17:55.666 +00:00 [INF] Route matched with {action = "Delete", controller = "Usuarios"}. Executing controller action with signature Microsoft.AspNetCore.Mvc.IActionResult Delete(Int32) on controller ActuArte.Controllers.UsuariosController (ActuArte.Api).
2024-03-19 19:17:55.668 +00:00 [INF] Executed DbCommand (1ms) [Parameters=[@__id_0='?' (DbType = Int32)], CommandType='"Text"', CommandTimeout='30']
SELECT TOP(1) [u].[idUsuario], [u].[nombreUsuario], [u].[passwordUsuario]
FROM [Usuarios] AS [u]
WHERE [u].[idUsuario] = @__id_0
2024-03-19 19:17:55.679 +00:00 [INF] Executed DbCommand (1ms) [Parameters=[@__Id_0='?' (DbType = Int32)], CommandType='"Text"', CommandTimeout='30']
SELECT CASE
    WHEN EXISTS (
        SELECT 1
        FROM [Usuarios] AS [u]
        WHERE [u].[idUsuario] = @__Id_0) THEN CAST(1 AS bit)
    ELSE CAST(0 AS bit)
END
2024-03-19 19:17:55.683 +00:00 [INF] Executed DbCommand (1ms) [Parameters=[@__Id_0='?' (DbType = Int32)], CommandType='"Text"', CommandTimeout='30']
SELECT TOP(1) [u].[idUsuario], [u].[nombreUsuario], [u].[passwordUsuario]
FROM [Usuarios] AS [u]
WHERE [u].[idUsuario] = @__Id_0
2024-03-19 19:17:55.703 +00:00 [INF] Executed DbCommand (15ms) [Parameters=[@p0='?' (DbType = Int32)], CommandType='"Text"', CommandTimeout='30']
SET IMPLICIT_TRANSACTIONS OFF;
SET NOCOUNT ON;
DELETE FROM [Usuarios]
OUTPUT 1
WHERE [idUsuario] = @p0;
2024-03-19 19:17:55.706 +00:00 [INF] Usuario eliminado correctamente
2024-03-19 19:17:55.708 +00:00 [INF] Executing StatusCodeResult, setting HTTP status code 204
2024-03-19 19:17:55.708 +00:00 [INF] Executed action ActuArte.Controllers.UsuariosController.Delete (ActuArte.Api) in 41.8587ms
2024-03-19 19:17:55.709 +00:00 [INF] Executed endpoint 'ActuArte.Controllers.UsuariosController.Delete (ActuArte.Api)'
2024-03-19 19:17:55.709 +00:00 [INF] Request finished HTTP/1.1 DELETE http://localhost:8001/Usuarios/5 - - - 204 - - 47.6295ms
2024-03-19 19:18:01.265 +00:00 [INF] Request starting HTTP/1.1 GET http://localhost:8001/Usuarios - -
2024-03-19 19:18:01.266 +00:00 [INF] Executing endpoint 'ActuArte.Controllers.UsuariosController.GetAll (ActuArte.Api)'
2024-03-19 19:18:01.267 +00:00 [INF] Route matched with {action = "GetAll", controller = "Usuarios"}. Executing controller action with signature Microsoft.AspNetCore.Mvc.ActionResult`1[System.Collections.Generic.List`1[ActuArte.Models.Usuarios]] GetAll() on controller ActuArte.Controllers.UsuariosController (ActuArte.Api).
2024-03-19 19:18:01.269 +00:00 [INF] Executed DbCommand (1ms) [Parameters=[], CommandType='"Text"', CommandTimeout='30']
SELECT [u].[idUsuario], [u].[nombreUsuario], [u].[passwordUsuario]
FROM [Usuarios] AS [u]
2024-03-19 19:18:01.270 +00:00 [INF] Executing ObjectResult, writing value of type 'System.Collections.Generic.List`1[[ActuArte.Models.Usuarios, ActuArte.Models, Version=1.0.0.0, Culture=neutral, PublicKeyToken=null]]'.
2024-03-19 19:18:01.270 +00:00 [INF] Executed action ActuArte.Controllers.UsuariosController.GetAll (ActuArte.Api) in 2.9111ms
2024-03-19 19:18:01.270 +00:00 [INF] Executed endpoint 'ActuArte.Controllers.UsuariosController.GetAll (ActuArte.Api)'
2024-03-19 19:18:01.271 +00:00 [INF] Request finished HTTP/1.1 GET http://localhost:8001/Usuarios - - - 200 - application/json;+charset=utf-8 5.4741ms
2024-03-19 19:18:03.083 +00:00 [INF] Request starting HTTP/1.1 GET http://localhost:8001/swagger/index.html - -
2024-03-19 19:18:03.084 +00:00 [INF] Request finished HTTP/1.1 GET http://localhost:8001/swagger/index.html - - - 200 - text/html;charset=utf-8 1.0609ms
2024-03-19 19:18:03.093 +00:00 [INF] Request starting HTTP/1.1 GET http://localhost:8001/swagger/swagger-ui.css - -
2024-03-19 19:18:03.093 +00:00 [INF] Request starting HTTP/1.1 GET http://localhost:8001/swagger/swagger-ui-bundle.js - -
2024-03-19 19:18:03.094 +00:00 [INF] Sending file. Request path: '/swagger-ui.css'. Physical path: 'N/A'
2024-03-19 19:18:03.094 +00:00 [INF] Request starting HTTP/1.1 GET http://localhost:8001/swagger/swagger-ui-standalone-preset.js - -
2024-03-19 19:18:03.095 +00:00 [INF] Request finished HTTP/1.1 GET http://localhost:8001/swagger/swagger-ui.css - - - 200 144929 text/css 1.5332ms
2024-03-19 19:18:03.096 +00:00 [INF] Sending file. Request path: '/swagger-ui-bundle.js'. Physical path: 'N/A'
2024-03-19 19:18:03.096 +00:00 [INF] Sending file. Request path: '/swagger-ui-standalone-preset.js'. Physical path: 'N/A'
2024-03-19 19:18:03.096 +00:00 [INF] Request finished HTTP/1.1 GET http://localhost:8001/swagger/swagger-ui-bundle.js - - - 200 1061536 text/javascript 3.2147ms
2024-03-19 19:18:03.097 +00:00 [INF] Request finished HTTP/1.1 GET http://localhost:8001/swagger/swagger-ui-standalone-preset.js - - - 200 312163 text/javascript 2.3281ms
2024-03-19 19:18:03.218 +00:00 [INF] Request starting HTTP/1.1 GET http://localhost:8001/swagger/v1/swagger.json - -
2024-03-19 19:18:03.221 +00:00 [INF] Request starting HTTP/1.1 GET http://localhost:8001/swagger/favicon-32x32.png - -
2024-03-19 19:18:03.221 +00:00 [INF] Sending file. Request path: '/favicon-32x32.png'. Physical path: 'N/A'
2024-03-19 19:18:03.221 +00:00 [INF] Request finished HTTP/1.1 GET http://localhost:8001/swagger/favicon-32x32.png - - - 200 628 image/png 0.7606ms
2024-03-19 19:18:03.222 +00:00 [INF] Request finished HTTP/1.1 GET http://localhost:8001/swagger/v1/swagger.json - - - 200 - application/json;charset=utf-8 4.1210ms
2024-03-19 19:18:23.119 +00:00 [INF] Request starting HTTP/1.1 POST http://localhost:8001/Usuarios application/json 79
2024-03-19 19:18:23.120 +00:00 [INF] CORS policy execution failed.
2024-03-19 19:18:23.120 +00:00 [INF] Request origin http://localhost:8001 does not have permission to access the resource.
2024-03-19 19:18:23.121 +00:00 [INF] Executing endpoint 'ActuArte.Controllers.UsuariosController.Create (ActuArte.Api)'
2024-03-19 19:18:23.121 +00:00 [INF] Route matched with {action = "Create", controller = "Usuarios"}. Executing controller action with signature Microsoft.AspNetCore.Mvc.ActionResult`1[ActuArte.Models.UsuariosDTO] Create(ActuArte.Models.Usuarios) on controller ActuArte.Controllers.UsuariosController (ActuArte.Api).
2024-03-19 19:18:23.124 +00:00 [INF] Executed DbCommand (1ms) [Parameters=[@__id_0='?' (DbType = Int32)], CommandType='"Text"', CommandTimeout='30']
SELECT TOP(1) [u].[idUsuario], [u].[nombreUsuario], [u].[passwordUsuario]
FROM [Usuarios] AS [u]
WHERE [u].[idUsuario] = @__id_0
2024-03-19 19:18:23.141 +00:00 [INF] Executed DbCommand (15ms) [Parameters=[@p0='?' (Size = 4000), @p1='?' (Size = 4000)], CommandType='"Text"', CommandTimeout='30']
SET IMPLICIT_TRANSACTIONS OFF;
SET NOCOUNT ON;
INSERT INTO [Usuarios] ([nombreUsuario], [passwordUsuario])
OUTPUT INSERTED.[idUsuario]
VALUES (@p0, @p1);
2024-03-19 19:18:23.142 +00:00 [INF] Usuario posteado correctamente
2024-03-19 19:18:23.143 +00:00 [INF] Executing CreatedAtActionResult, writing value of type 'ActuArte.Models.Usuarios'.
2024-03-19 19:18:23.144 +00:00 [INF] Executed action ActuArte.Controllers.UsuariosController.Create (ActuArte.Api) in 21.7466ms
2024-03-19 19:18:23.144 +00:00 [INF] Executed endpoint 'ActuArte.Controllers.UsuariosController.Create (ActuArte.Api)'
2024-03-19 19:18:23.144 +00:00 [INF] Request finished HTTP/1.1 POST http://localhost:8001/Usuarios application/json 79 - 201 - application/json;+charset=utf-8 25.1130ms
2024-03-19 19:18:34.663 +00:00 [INF] Request starting HTTP/1.1 GET http://localhost:8001/Usuarios - -
2024-03-19 19:18:34.664 +00:00 [INF] Executing endpoint 'ActuArte.Controllers.UsuariosController.GetAll (ActuArte.Api)'
2024-03-19 19:18:34.664 +00:00 [INF] Route matched with {action = "GetAll", controller = "Usuarios"}. Executing controller action with signature Microsoft.AspNetCore.Mvc.ActionResult`1[System.Collections.Generic.List`1[ActuArte.Models.Usuarios]] GetAll() on controller ActuArte.Controllers.UsuariosController (ActuArte.Api).
2024-03-19 19:18:34.666 +00:00 [INF] Executed DbCommand (1ms) [Parameters=[], CommandType='"Text"', CommandTimeout='30']
SELECT [u].[idUsuario], [u].[nombreUsuario], [u].[passwordUsuario]
FROM [Usuarios] AS [u]
2024-03-19 19:18:34.667 +00:00 [INF] Executing ObjectResult, writing value of type 'System.Collections.Generic.List`1[[ActuArte.Models.Usuarios, ActuArte.Models, Version=1.0.0.0, Culture=neutral, PublicKeyToken=null]]'.
2024-03-19 19:18:34.667 +00:00 [INF] Executed action ActuArte.Controllers.UsuariosController.GetAll (ActuArte.Api) in 2.421ms
2024-03-19 19:18:34.667 +00:00 [INF] Executed endpoint 'ActuArte.Controllers.UsuariosController.GetAll (ActuArte.Api)'
2024-03-19 19:18:34.668 +00:00 [INF] Request finished HTTP/1.1 GET http://localhost:8001/Usuarios - - - 200 - application/json;+charset=utf-8 5.0752ms
2024-03-19 19:18:49.956 +00:00 [INF] Request starting HTTP/1.1 POST http://localhost:8001/Auth/login application/json 61
2024-03-19 19:18:49.957 +00:00 [INF] CORS policy execution failed.
2024-03-19 19:18:49.957 +00:00 [INF] Request origin http://localhost:8001 does not have permission to access the resource.
2024-03-19 19:18:49.958 +00:00 [INF] Executing endpoint 'ActuArte.Controllers.AuthController.Login (ActuArte.Api)'
2024-03-19 19:18:49.958 +00:00 [INF] Route matched with {action = "Login", controller = "Auth"}. Executing controller action with signature Microsoft.AspNetCore.Mvc.IActionResult Login(ActuArte.Models.UsuariosDTO) on controller ActuArte.Controllers.AuthController (ActuArte.Api).
2024-03-19 19:18:49.959 +00:00 [INF] Intentando logear usuario
2024-03-19 19:18:49.961 +00:00 [INF] Executed DbCommand (1ms) [Parameters=[@__usuariosDTO_nombreUsuario_0='?' (Size = 4000), @__usuariosDTO_passwordUsuario_1='?' (Size = 4000)], CommandType='"Text"', CommandTimeout='30']
SELECT TOP(1) [u].[idUsuario], [u].[nombreUsuario], [u].[passwordUsuario]
FROM [Usuarios] AS [u]
WHERE [u].[nombreUsuario] = @__usuariosDTO_nombreUsuario_0 AND [u].[passwordUsuario] = @__usuariosDTO_passwordUsuario_1
2024-03-19 19:18:49.961 +00:00 [INF] Usuario correcto
2024-03-19 19:18:49.962 +00:00 [INF] Executing OkObjectResult, writing value of type 'ActuArte.Models.Usuarios'.
2024-03-19 19:18:49.962 +00:00 [INF] Executed action ActuArte.Controllers.AuthController.Login (ActuArte.Api) in 3.7673ms
2024-03-19 19:18:49.962 +00:00 [INF] Executed endpoint 'ActuArte.Controllers.AuthController.Login (ActuArte.Api)'
2024-03-19 19:18:49.963 +00:00 [INF] Request finished HTTP/1.1 POST http://localhost:8001/Auth/login application/json 61 - 200 - application/json;+charset=utf-8 6.5400ms
2024-03-19 19:29:29.171 +00:00 [INF] Request starting HTTP/1.1 GET http://localhost:8001/swagger/index.html - -
2024-03-19 19:29:29.172 +00:00 [INF] Request finished HTTP/1.1 GET http://localhost:8001/swagger/index.html - - - 200 - text/html;charset=utf-8 1.0369ms
2024-03-19 19:29:29.181 +00:00 [INF] Request starting HTTP/1.1 GET http://localhost:8001/swagger/swagger-ui-bundle.js - -
2024-03-19 19:29:29.181 +00:00 [INF] Request starting HTTP/1.1 GET http://localhost:8001/swagger/swagger-ui.css - -
2024-03-19 19:29:29.183 +00:00 [INF] Request starting HTTP/1.1 GET http://localhost:8001/swagger/swagger-ui-standalone-preset.js - -
2024-03-19 19:29:29.183 +00:00 [INF] Sending file. Request path: '/swagger-ui.css'. Physical path: 'N/A'
2024-03-19 19:29:29.184 +00:00 [INF] Sending file. Request path: '/swagger-ui-bundle.js'. Physical path: 'N/A'
2024-03-19 19:29:29.184 +00:00 [INF] Request finished HTTP/1.1 GET http://localhost:8001/swagger/swagger-ui.css - - - 200 144929 text/css 2.5706ms
2024-03-19 19:29:29.184 +00:00 [INF] Request finished HTTP/1.1 GET http://localhost:8001/swagger/swagger-ui-bundle.js - - - 200 1061536 text/javascript 2.7692ms
2024-03-19 19:29:29.184 +00:00 [INF] Sending file. Request path: '/swagger-ui-standalone-preset.js'. Physical path: 'N/A'
2024-03-19 19:29:29.185 +00:00 [INF] Request finished HTTP/1.1 GET http://localhost:8001/swagger/swagger-ui-standalone-preset.js - - - 200 312163 text/javascript 2.7088ms
2024-03-19 19:29:29.605 +00:00 [INF] Request starting HTTP/1.1 GET http://localhost:8001/swagger/v1/swagger.json - -
2024-03-19 19:29:29.611 +00:00 [INF] Request finished HTTP/1.1 GET http://localhost:8001/swagger/v1/swagger.json - - - 200 - application/json;charset=utf-8 5.7893ms
2024-03-19 19:29:29.618 +00:00 [INF] Request starting HTTP/1.1 GET http://localhost:8001/swagger/favicon-32x32.png - -
2024-03-19 19:29:29.618 +00:00 [INF] Sending file. Request path: '/favicon-32x32.png'. Physical path: 'N/A'
2024-03-19 19:29:29.618 +00:00 [INF] Request finished HTTP/1.1 GET http://localhost:8001/swagger/favicon-32x32.png - - - 200 628 image/png 0.8483ms
2024-03-19 19:33:13.860 +00:00 [INF] Application is shutting down...
