2024-03-19 20:13:50.350 +01:00 [INF] Executed DbCommand (320ms) [Parameters=[], CommandType='"Text"', CommandTimeout='60']
CREATE DATABASE [ActuArte];
2024-03-19 20:13:50.534 +01:00 [INF] Executed DbCommand (154ms) [Parameters=[], CommandType='"Text"', CommandTimeout='60']
IF SERVERPROPERTY('EngineEdition') <> 5
BEGIN
    ALTER DATABASE [ActuArte] SET READ_COMMITTED_SNAPSHOT ON;
END;
2024-03-19 20:13:50.557 +01:00 [INF] Executed DbCommand (6ms) [Parameters=[], CommandType='"Text"', CommandTimeout='30']
SELECT 1
2024-03-19 20:13:50.609 +01:00 [INF] Executed DbCommand (10ms) [Parameters=[], CommandType='"Text"', CommandTimeout='30']
CREATE TABLE [__EFMigrationsHistory] (
    [MigrationId] nvarchar(150) NOT NULL,
    [ProductVersion] nvarchar(32) NOT NULL,
    CONSTRAINT [PK___EFMigrationsHistory] PRIMARY KEY ([MigrationId])
);
2024-03-19 20:13:50.614 +01:00 [INF] Executed DbCommand (1ms) [Parameters=[], CommandType='"Text"', CommandTimeout='30']
SELECT 1
2024-03-19 20:13:50.626 +01:00 [INF] Executed DbCommand (8ms) [Parameters=[], CommandType='"Text"', CommandTimeout='30']
SELECT OBJECT_ID(N'[__EFMigrationsHistory]');
2024-03-19 20:13:50.632 +01:00 [INF] Executed DbCommand (3ms) [Parameters=[], CommandType='"Text"', CommandTimeout='30']
SELECT [MigrationId], [ProductVersion]
FROM [__EFMigrationsHistory]
ORDER BY [MigrationId];
2024-03-19 20:13:50.643 +01:00 [INF] Applying migration '20240319191329_InitialCreate'.
2024-03-19 20:13:50.691 +01:00 [INF] Executed DbCommand (3ms) [Parameters=[], CommandType='"Text"', CommandTimeout='30']
CREATE TABLE [Asientos] (
    [idAsiento] int NOT NULL IDENTITY,
    [estaOcupado] bit NOT NULL,
    CONSTRAINT [PK_Asientos] PRIMARY KEY ([idAsiento])
);
2024-03-19 20:13:50.696 +01:00 [INF] Executed DbCommand (2ms) [Parameters=[], CommandType='"Text"', CommandTimeout='30']
CREATE TABLE [AsientosObrasDatos] (
    [idObjeto] int NOT NULL IDENTITY,
    [idObra] int NOT NULL,
    [idSesion] int NOT NULL,
    [idAsiento] int NOT NULL,
    CONSTRAINT [PK_AsientosObrasDatos] PRIMARY KEY ([idObjeto])
);
2024-03-19 20:13:50.700 +01:00 [INF] Executed DbCommand (2ms) [Parameters=[], CommandType='"Text"', CommandTimeout='30']
CREATE TABLE [Obras] (
    [idObra] int NOT NULL IDENTITY,
    [nombreObra] nvarchar(max) NOT NULL,
    [imagen] nvarchar(max) NULL,
    [descObra] nvarchar(max) NULL,
    [valoracionObra] float NOT NULL,
    [autorObra] nvarchar(max) NULL,
    [directorObra] nvarchar(max) NULL,
    [duracionObra] int NOT NULL,
    [aclamadas] bit NOT NULL,
    [recientes] bit NOT NULL,
    [ultimasSesiones] bit NOT NULL,
    CONSTRAINT [PK_Obras] PRIMARY KEY ([idObra])
);
2024-03-19 20:13:50.705 +01:00 [INF] Executed DbCommand (2ms) [Parameters=[], CommandType='"Text"', CommandTimeout='30']
CREATE TABLE [Usuarios] (
    [idUsuario] int NOT NULL IDENTITY,
    [nombreUsuario] nvarchar(max) NOT NULL,
    [passwordUsuario] nvarchar(max) NOT NULL,
    CONSTRAINT [PK_Usuarios] PRIMARY KEY ([idUsuario])
);
2024-03-19 20:13:50.741 +01:00 [INF] Executed DbCommand (33ms) [Parameters=[], CommandType='"Text"', CommandTimeout='30']
IF EXISTS (SELECT * FROM [sys].[identity_columns] WHERE [name] IN (N'idAsiento', N'estaOcupado') AND [object_id] = OBJECT_ID(N'[Asientos]'))
    SET IDENTITY_INSERT [Asientos] ON;
INSERT INTO [Asientos] ([idAsiento], [estaOcupado])
VALUES (1, CAST(0 AS bit)),
(2, CAST(0 AS bit)),
(3, CAST(0 AS bit)),
(4, CAST(0 AS bit)),
(5, CAST(0 AS bit)),
(6, CAST(0 AS bit)),
(7, CAST(0 AS bit)),
(8, CAST(0 AS bit)),
(9, CAST(0 AS bit)),
(10, CAST(0 AS bit)),
(11, CAST(0 AS bit)),
(12, CAST(0 AS bit)),
(13, CAST(0 AS bit)),
(14, CAST(0 AS bit)),
(15, CAST(0 AS bit)),
(16, CAST(0 AS bit)),
(17, CAST(0 AS bit)),
(18, CAST(0 AS bit)),
(19, CAST(0 AS bit)),
(20, CAST(0 AS bit)),
(21, CAST(0 AS bit)),
(22, CAST(0 AS bit)),
(23, CAST(0 AS bit)),
(24, CAST(0 AS bit)),
(25, CAST(0 AS bit)),
(26, CAST(0 AS bit)),
(27, CAST(0 AS bit)),
(28, CAST(0 AS bit)),
(29, CAST(0 AS bit)),
(30, CAST(0 AS bit)),
(31, CAST(0 AS bit)),
(32, CAST(0 AS bit)),
(33, CAST(0 AS bit)),
(34, CAST(0 AS bit)),
(35, CAST(0 AS bit)),
(36, CAST(0 AS bit)),
(37, CAST(0 AS bit)),
(38, CAST(0 AS bit)),
(39, CAST(0 AS bit)),
(40, CAST(0 AS bit)),
(41, CAST(0 AS bit)),
(42, CAST(0 AS bit));
INSERT INTO [Asientos] ([idAsiento], [estaOcupado])
VALUES (43, CAST(0 AS bit)),
(44, CAST(0 AS bit)),
(45, CAST(0 AS bit)),
(46, CAST(0 AS bit)),
(47, CAST(0 AS bit)),
(48, CAST(0 AS bit)),
(49, CAST(0 AS bit)),
(50, CAST(0 AS bit)),
(51, CAST(0 AS bit)),
(52, CAST(0 AS bit)),
(53, CAST(0 AS bit)),
(54, CAST(0 AS bit));
IF EXISTS (SELECT * FROM [sys].[identity_columns] WHERE [name] IN (N'idAsiento', N'estaOcupado') AND [object_id] = OBJECT_ID(N'[Asientos]'))
    SET IDENTITY_INSERT [Asientos] OFF;
2024-03-19 20:13:50.761 +01:00 [INF] Executed DbCommand (12ms) [Parameters=[], CommandType='"Text"', CommandTimeout='30']
IF EXISTS (SELECT * FROM [sys].[identity_columns] WHERE [name] IN (N'idObra', N'aclamadas', N'autorObra', N'descObra', N'directorObra', N'duracionObra', N'imagen', N'nombreObra', N'recientes', N'ultimasSesiones', N'valoracionObra') AND [object_id] = OBJECT_ID(N'[Obras]'))
    SET IDENTITY_INSERT [Obras] ON;
INSERT INTO [Obras] ([idObra], [aclamadas], [autorObra], [descObra], [directorObra], [duracionObra], [imagen], [nombreObra], [recientes], [ultimasSesiones], [valoracionObra])
VALUES (1, CAST(1 AS bit), N'Nayra Calvo y Miguel A.Luengo', N'La excelente y lamentable tragedia de Romeo y Julieta cuenta la historia de dos jóvenes enamorados, Romeo y Julieta, quienes pertenecen a dos familias poderosas y enemigas de la ciudad renacentista de Verona, Italia: los Montesco y los Capuleto. Los protagonistas se conocen en un baile familiar de los Capuleto, en el que Romeo y sus amigos se cuelan, a pesar del peligro que corren y de que el rey de la ciudad ha decretado una frágil tregua entre las familias. Y tan pronto como bailan, Romeo y Julieta quedan perdidamente enamorados el uno del otro.', N'Franco Zeffirelli', 90, N'https://almeriaciudad.es/cultura/wp-content/archivos/sites/21/2022/02/IMG_2391-1.jpeg', N'Romeo y Julieta', CAST(0 AS bit), CAST(0 AS bit), 5.0E0),
(2, CAST(0 AS bit), N'Nancy Fabiola Herrera y Carmen Romeu', N'Tras la muerte de su segundo esposo, Bernarda Alba se recluye e impone un luto riguroso y asfixiante por ocho años, prohibiendo a sus cinco hijas a que vayan a la fiesta. Cuando Angustias, la primogénita y la única hija del primer marido, hereda una fortuna, atrae a un pretendiente, Pepe el Romano.', N'Alfredo Sanzol', 60, N'https://chglenguayliteratura.files.wordpress.com/2020/01/aaaa.jpg', N'La Casa de Bernarda Alba', CAST(0 AS bit), CAST(0 AS bit), 4.2999999999999998E0),
(3, CAST(1 AS bit), N'Cobadonga Calderon y Javier Mañon', N'La loca pasión por Melibea, hija de un rico mercader, lleva al joven Calisto a romper todas las barreras y a aliarse con una vieja alcahueta. Desde el momento en que entra en escena, Celestina avasalla toda la obra hasta convertirse en un personaje literario de fama universal.', N'Antonio Castro Guijosa', 60, N'https://www.cervantesvirtual.com/s3/BVMC_OBRAS/ffa/c66/288/2b1/11d/fac/c70/021/85c/e60/64/mimes/imagenes/ffac6628-82b1-11df-acc7-002185ce6064_2.jpg', N'La Celestina', CAST(1 AS bit), CAST(0 AS bit), 4.7000000000000002E0),
(4, CAST(0 AS bit), N'David Luque y Rebeca Matellan', N'El rey Basilio va a tener un hijo. Pero un adivino le dice que ese nacimiento traerá el desastre al reino. En efecto, nada más nacer la madre muere, y el rey, asustado encierra a su hijo en una torre escondida entre montañas de forma que nadie sepa donde está. Solo Clotaldo, su ayo, conoce su paradero.', N'Declan Deonnellan', 100, N'https://www.elejandria.com/covers/La_vida_es_sueno-Calderon_de_la_Barca_Pedro-md.png', N'La Vida es Sueño', CAST(0 AS bit), CAST(0 AS bit), 4.4000000000000004E0),
(5, CAST(1 AS bit), N'Juan Motilla y Antonio Campos', N'La tragedia de Hamlet, Príncipe de Dinamarca cuenta la historia del joven heredero al trono danés, cuyo padre muerto se le aparece como un fantasma en las murallas del castillo, para invocar su venganza, pues su muerte no fue natural sino que fue envenenado por su propia esposa Gertrudis, madre de Hamlet, y su hermano y actual rey, Claudio.', N'Miguel del Arco', 95, N'https://cdn.kobo.com/book-images/5fc4252b-1c4f-40ef-9975-22982c94f12c/1200/1200/False/hamlet-prince-of-denmark-23.jpg', N'Hamlet', CAST(1 AS bit), CAST(0 AS bit), 4.5E0),
(6, CAST(0 AS bit), N'Manu Pilas y Gerónimo Raouch', N'Misterio y amor en las catacumbas de París. En los sótanos de la Ópera de París se esconde un misterioso personaje que oculta su rostro desfigurado. Este ser acecha por los camerinos y vigila a Christine, una inocente muchacha con gran talento de la que se ha enamorado. A través de un tenebroso y cruel personaje, Erik, atormentado por la deformidad de su rostro y su pasión por la belleza, y de los recovecos de un edificio, la Ópera de París, Leroux nos introduce en el mundo del otro lado del telón.', N'Federico Bellone', 150, N'https://teatroaranjuez.es/wp-content/uploads/2023/10/el-fantasma-de-la-opera-330x467-1.jpg', N'El Fantasma de la Ópera', CAST(1 AS bit), CAST(0 AS bit), 4.7999999999999998E0),
(7, CAST(1 AS bit), N'Rafa Ramos y Jordi Millan', N'Narra los hechos que suceden durante el casamiento de Teseo, duque de Atenas, con Hipólita, reina de las amazonas. Incluye las aventuras de cuatro amantes atenienses y un grupo de seis actores aficionados que son controlados por las hadas que habitan en el bosque donde la mayor parte de la obra tiene lugar.', N'Marco Carniti', 90, N'https://image.isu.pub/190709204809-9c82f7fce8bb840f1ff3b5631eef637f/jpg/page_1.jpg', N'Sueño de una Noche de Verano', CAST(0 AS bit), CAST(0 AS bit), 4.2000000000000002E0),
(8, CAST(0 AS bit), N'Francisco Fraguas y Amanda Recacha', N'Don Juan Tenorio es el personaje más célebre del teatro español. La historia de este burlador de mujeres comienza en los días de Carnaval y acaba en el Día de Difuntos. Don Juan es un seductor que se mofa de todos los valores sociales establecidos. Pero su vida cambiará al conocer a doña Inés. Gracias a su amor, el alma de don Juan se salvará de las llamas del infierno.', N'Pedro Amalio Lopez', 100, N'https://m.media-amazon.com/images/I/61Er0I3cJaL._AC_UF1000,1000_QL80_.jpg', N'Don Juan Tenorio', CAST(0 AS bit), CAST(0 AS bit), 4.2999999999999998E0),
(9, CAST(1 AS bit), N'Blanca Apilanez y Juan José Otegui', N'El pueblo de Fuente Ovejuna, ya está harto de la crueldad de su señor, que no hace más que fastidiarlos, ya sea reclutando jóvenes para sus guerras, o deshonrando a sus mujeres, y esta es la gota que colma el vaso de su paciencia, así que deciden intervenir y matar al Comendador.', N'Adolfo Marsillat', 90, N'https://m.media-amazon.com/images/I/418RabpIZVS.jpg', N'Fuenteovejuna', CAST(0 AS bit), CAST(0 AS bit), 4.5E0),
(10, CAST(1 AS bit), N'Alejandro Centro y Daniel Valdovinos', N'Es una obra humana que refleja el peregrinaje del ser humano en busca de “la Luz”, es el descubrimiento del hombre hacia Dios, con la ayuda de la razón (Virgilio) y de la fe (Beatriz). El poema es una epopeya religiosa que narra con realismo un viaje, es un canto a la humanidad.', N'Dante', 110, N'https://m.media-amazon.com/images/I/71WJbXGxPdL._AC_UF1000,1000_QL80_.jpg', N'La Divina Comedia', CAST(1 AS bit), CAST(0 AS bit), 5.0E0),
(11, CAST(0 AS bit), N'Eduardo Tovar y Virginia Sanchez', N'Argán se cree muy enfermo y no puede vivir sin estar rodeado de médicos. Para conseguir tener uno en su familia que le haga ahorrar la ingente cantidad de dinero que destina a sus curas, medicamentos y potingues, no duda en concertar un matrimonio de conveniencia entre su hija Angélica con el hijo del doctor Diafoirus.', N'Eva del Palacio', 70, N'https://www.tarambana.net/upload/espectaculos/foto_poster-1296.jpg?id=117364', N'El enfermo imaginario', CAST(0 AS bit), CAST(0 AS bit), 4.7000000000000002E0),
(12, CAST(1 AS bit), N'Tailor Swoft y Jason Derulo', N'Esta obra musical es una de las más célebres de Broadway. Fue creada por el legendario Andrew Lloyd Weber, quien a su vez se basó en los poemas de T. S. Eliot, «El libro de los gatos habilidosos del viejo Possum». Relata la historia de los Jellicle Cats, un grupo de gatos callejeros que poco a poco se va presentando ante el público, en medio de impresionantes números musicales.', N'Trevor Nunn', 120, N'https://upload.wikimedia.org/wikipedia/en/3/30/Cats_1998_DVD_Cover.jpg', N'Cats', CAST(1 AS bit), CAST(0 AS bit), 4.2999999999999998E0),
(13, CAST(0 AS bit), N'Arianna Grande y Adam James', N'Narra la historia de Elphaba, una niña nacida de color verde y cómo se convierte en la Malvada Bruja del Oeste, pasando por los sucesos que experimenta desde su nacimiento, infancia y juventud en la Universidad de Shiz hasta llegar a la edad adulta, momento de la llegada de Dorothy a la tierra de Oz.', N'Joe Mantello', 165, N'https://m.media-amazon.com/images/M/MV5BNjczYjBhMTctYTA3Yy00NTgyLWFkZWQtZjQwYTRkMDc1YTc1XkEyXkFqcGdeQXVyNTk5NTQzNDI@._V1_.jpg', N'Wicked', CAST(0 AS bit), CAST(1 AS bit), 4.7000000000000002E0),
(14, CAST(1 AS bit), N'Miguel del Arco y Gemma Castaño', N'Es la historia de Jean Valjean, un convicto que estuvo injustamente encarcelado por 19 años por haberse robado una rebanada de pan. Al ser liberado de su injusta condena, Valjean trata de escapar de su pasado, lleno de maldad y depravación, para vivir una vida digna y honesta.', N'David White', 210, N'https://m.media-amazon.com/images/I/517Cb2FS4qL.jpg', N'Los Miserables', CAST(0 AS bit), CAST(1 AS bit), 4.7999999999999998E0),
(15, CAST(0 AS bit), N' Nayra Calvo y Miguel A.Luengo', N'En Casa de muñecas Ibsen aborda el problema de la situación de la mujer de la pequeña burguesía en la sociedad de su tiempo. Nora, la protagonista, es el retrato de las mujeres de su clase y puede ofrecer un retrato con mucha actualidad para las mujeres inmersas en la vorágine del mundo contemporáneo.', N'Franco Zeffirelli', 100, N'https://images.cdn3.buscalibre.com/fit-in/360x360/ef/99/ef9995dc7f336bc670c2775b7316b143.jpg', N'Casa de Muñecas', CAST(0 AS bit), CAST(1 AS bit), 4.5999999999999996E0),
(16, CAST(1 AS bit), N' Carmelo Gomez y Joaquin Notario', N'En el alcalde de Zalamea, se cuenta la venganza del Alcalde Pedro Crespo, que da muerte a don Álvaro, el arrogante capitán que ha secuestrado a su hija. Esta reacción no se percibe como el resultado de aplicar un código rígido y bárbaro, sino como una reacción justa que será aprobada por el rey.', N'Miguel Nieto', 90, N'https://m.media-amazon.com/images/I/51fM26seM-L.jpg', N'El alcalde de Zalamea', CAST(0 AS bit), CAST(1 AS bit), 4.0999999999999996E0);
IF EXISTS (SELECT * FROM [sys].[identity_columns] WHERE [name] IN (N'idObra', N'aclamadas', N'autorObra', N'descObra', N'directorObra', N'duracionObra', N'imagen', N'nombreObra', N'recientes', N'ultimasSesiones', N'valoracionObra') AND [object_id] = OBJECT_ID(N'[Obras]'))
    SET IDENTITY_INSERT [Obras] OFF;
2024-03-19 20:13:50.776 +01:00 [INF] Executed DbCommand (8ms) [Parameters=[], CommandType='"Text"', CommandTimeout='30']
IF EXISTS (SELECT * FROM [sys].[identity_columns] WHERE [name] IN (N'idUsuario', N'nombreUsuario', N'passwordUsuario') AND [object_id] = OBJECT_ID(N'[Usuarios]'))
    SET IDENTITY_INSERT [Usuarios] ON;
INSERT INTO [Usuarios] ([idUsuario], [nombreUsuario], [passwordUsuario])
VALUES (1, N'admin', N'admin'),
(2, N'admin2', N'admin'),
(3, N'admin3', N'admin'),
(4, N'admin4', N'admin');
IF EXISTS (SELECT * FROM [sys].[identity_columns] WHERE [name] IN (N'idUsuario', N'nombreUsuario', N'passwordUsuario') AND [object_id] = OBJECT_ID(N'[Usuarios]'))
    SET IDENTITY_INSERT [Usuarios] OFF;
2024-03-19 20:13:50.780 +01:00 [INF] Executed DbCommand (2ms) [Parameters=[], CommandType='"Text"', CommandTimeout='30']
INSERT INTO [__EFMigrationsHistory] ([MigrationId], [ProductVersion])
VALUES (N'20240319191329_InitialCreate', N'7.0.0');
2024-03-19 19:33:41.534 +00:00 [WRN] Storing keys in a directory '/root/.aspnet/DataProtection-Keys' that may not be persisted outside of the container. Protected data will be unavailable when container is destroyed.
2024-03-19 19:33:41.567 +00:00 [INF] User profile is available. Using '/root/.aspnet/DataProtection-Keys' as key repository; keys will not be encrypted at rest.
2024-03-19 19:33:41.614 +00:00 [INF] Creating key {aeb7cf6d-2c33-4744-aa3b-482119dcd304} with creation date 2024-03-19 19:33:41Z, activation date 2024-03-19 19:33:41Z, and expiration date 2024-06-17 19:33:41Z.
2024-03-19 19:33:41.623 +00:00 [WRN] No XML encryptor configured. Key {aeb7cf6d-2c33-4744-aa3b-482119dcd304} may be persisted to storage in unencrypted form.
2024-03-19 19:33:41.627 +00:00 [INF] Writing data to file '/root/.aspnet/DataProtection-Keys/key-aeb7cf6d-2c33-4744-aa3b-482119dcd304.xml'.
2024-03-19 19:33:41.669 +00:00 [INF] Now listening on: http://[::]:80
2024-03-19 19:33:41.671 +00:00 [INF] Application started. Press Ctrl+C to shut down.
2024-03-19 19:33:41.672 +00:00 [INF] Hosting environment: Production
2024-03-19 19:33:41.672 +00:00 [INF] Content root path: /app
2024-03-19 19:33:52.035 +00:00 [INF] Request starting HTTP/1.1 GET http://localhost:8001/swagger/index.html - -
2024-03-19 19:33:52.119 +00:00 [INF] Request finished HTTP/1.1 GET http://localhost:8001/swagger/index.html - - - 200 - text/html;charset=utf-8 84.3360ms
2024-03-19 19:33:52.130 +00:00 [INF] Request starting HTTP/1.1 GET http://localhost:8001/swagger/swagger-ui-bundle.js - -
2024-03-19 19:33:52.130 +00:00 [INF] Request starting HTTP/1.1 GET http://localhost:8001/swagger/swagger-ui-standalone-preset.js - -
2024-03-19 19:33:52.132 +00:00 [INF] Request starting HTTP/1.1 GET http://localhost:8001/swagger/swagger-ui.css - -
2024-03-19 19:33:52.150 +00:00 [INF] Sending file. Request path: '/swagger-ui.css'. Physical path: 'N/A'
2024-03-19 19:33:52.150 +00:00 [INF] Sending file. Request path: '/swagger-ui-bundle.js'. Physical path: 'N/A'
2024-03-19 19:33:52.150 +00:00 [INF] Sending file. Request path: '/swagger-ui-standalone-preset.js'. Physical path: 'N/A'
2024-03-19 19:33:52.152 +00:00 [INF] Request finished HTTP/1.1 GET http://localhost:8001/swagger/swagger-ui.css - - - 200 144929 text/css 20.4557ms
2024-03-19 19:33:52.152 +00:00 [INF] Request finished HTTP/1.1 GET http://localhost:8001/swagger/swagger-ui-standalone-preset.js - - - 200 312163 text/javascript 22.0278ms
2024-03-19 19:33:52.152 +00:00 [INF] Request finished HTTP/1.1 GET http://localhost:8001/swagger/swagger-ui-bundle.js - - - 200 1061536 text/javascript 21.9605ms
2024-03-19 19:33:52.206 +00:00 [INF] Request starting HTTP/1.1 GET http://localhost:8001/swagger/v1/swagger.json - -
2024-03-19 19:33:52.216 +00:00 [INF] Request starting HTTP/1.1 GET http://localhost:8001/swagger/favicon-32x32.png - -
2024-03-19 19:33:52.217 +00:00 [INF] Sending file. Request path: '/favicon-32x32.png'. Physical path: 'N/A'
2024-03-19 19:33:52.217 +00:00 [INF] Request finished HTTP/1.1 GET http://localhost:8001/swagger/favicon-32x32.png - - - 200 628 image/png 1.3890ms
2024-03-19 19:33:52.276 +00:00 [INF] Request finished HTTP/1.1 GET http://localhost:8001/swagger/v1/swagger.json - - - 200 - application/json;charset=utf-8 70.2353ms
2024-03-19 19:34:12.547 +00:00 [INF] Request starting HTTP/1.1 OPTIONS http://localhost:8001/Usuarios/login - -
2024-03-19 19:34:12.551 +00:00 [WRN] Failed to determine the https port for redirect.
2024-03-19 19:34:12.565 +00:00 [INF] CORS policy execution successful.
2024-03-19 19:34:12.567 +00:00 [INF] Request finished HTTP/1.1 OPTIONS http://localhost:8001/Usuarios/login - - - 204 - - 20.4618ms
2024-03-19 19:34:12.569 +00:00 [INF] Request starting HTTP/1.1 POST http://localhost:8001/Usuarios/login application/json 51
2024-03-19 19:34:12.570 +00:00 [INF] CORS policy execution successful.
2024-03-19 19:34:12.572 +00:00 [INF] Executing endpoint '405 HTTP Method Not Supported'
2024-03-19 19:34:12.572 +00:00 [INF] Executed endpoint '405 HTTP Method Not Supported'
2024-03-19 19:34:12.573 +00:00 [INF] Request finished HTTP/1.1 POST http://localhost:8001/Usuarios/login application/json 51 - 405 0 - 3.9844ms
2024-03-19 19:34:13.708 +00:00 [INF] Request starting HTTP/1.1 POST http://localhost:8001/Usuarios/login application/json 51
2024-03-19 19:34:13.710 +00:00 [INF] CORS policy execution successful.
2024-03-19 19:34:13.711 +00:00 [INF] Executing endpoint '405 HTTP Method Not Supported'
2024-03-19 19:34:13.712 +00:00 [INF] Executed endpoint '405 HTTP Method Not Supported'
2024-03-19 19:34:13.712 +00:00 [INF] Request finished HTTP/1.1 POST http://localhost:8001/Usuarios/login application/json 51 - 405 0 - 4.5248ms
2024-03-19 19:34:14.100 +00:00 [INF] Request starting HTTP/1.1 POST http://localhost:8001/Usuarios/login application/json 51
2024-03-19 19:34:14.101 +00:00 [INF] CORS policy execution successful.
2024-03-19 19:34:14.101 +00:00 [INF] Executing endpoint '405 HTTP Method Not Supported'
2024-03-19 19:34:14.102 +00:00 [INF] Executed endpoint '405 HTTP Method Not Supported'
2024-03-19 19:34:14.103 +00:00 [INF] Request finished HTTP/1.1 POST http://localhost:8001/Usuarios/login application/json 51 - 405 0 - 3.0221ms
2024-03-19 19:34:14.235 +00:00 [INF] Request starting HTTP/1.1 POST http://localhost:8001/Usuarios/login application/json 51
2024-03-19 19:34:14.236 +00:00 [INF] CORS policy execution successful.
2024-03-19 19:34:14.237 +00:00 [INF] Executing endpoint '405 HTTP Method Not Supported'
2024-03-19 19:34:14.238 +00:00 [INF] Executed endpoint '405 HTTP Method Not Supported'
2024-03-19 19:34:14.238 +00:00 [INF] Request finished HTTP/1.1 POST http://localhost:8001/Usuarios/login application/json 51 - 405 0 - 2.8647ms
2024-03-19 19:34:14.372 +00:00 [INF] Request starting HTTP/1.1 POST http://localhost:8001/Usuarios/login application/json 51
2024-03-19 19:34:14.373 +00:00 [INF] CORS policy execution successful.
2024-03-19 19:34:14.374 +00:00 [INF] Executing endpoint '405 HTTP Method Not Supported'
2024-03-19 19:34:14.374 +00:00 [INF] Executed endpoint '405 HTTP Method Not Supported'
2024-03-19 19:34:14.375 +00:00 [INF] Request finished HTTP/1.1 POST http://localhost:8001/Usuarios/login application/json 51 - 405 0 - 2.9498ms
2024-03-19 19:34:14.492 +00:00 [INF] Request starting HTTP/1.1 POST http://localhost:8001/Usuarios/login application/json 51
2024-03-19 19:34:14.493 +00:00 [INF] CORS policy execution successful.
2024-03-19 19:34:14.494 +00:00 [INF] Executing endpoint '405 HTTP Method Not Supported'
2024-03-19 19:34:14.494 +00:00 [INF] Executed endpoint '405 HTTP Method Not Supported'
2024-03-19 19:34:14.495 +00:00 [INF] Request finished HTTP/1.1 POST http://localhost:8001/Usuarios/login application/json 51 - 405 0 - 3.1925ms
2024-03-19 19:34:14.636 +00:00 [INF] Request starting HTTP/1.1 POST http://localhost:8001/Usuarios/login application/json 51
2024-03-19 19:34:14.637 +00:00 [INF] CORS policy execution successful.
2024-03-19 19:34:14.637 +00:00 [INF] Executing endpoint '405 HTTP Method Not Supported'
2024-03-19 19:34:14.638 +00:00 [INF] Executed endpoint '405 HTTP Method Not Supported'
2024-03-19 19:34:14.638 +00:00 [INF] Request finished HTTP/1.1 POST http://localhost:8001/Usuarios/login application/json 51 - 405 0 - 2.8733ms
2024-03-19 19:34:14.772 +00:00 [INF] Request starting HTTP/1.1 POST http://localhost:8001/Usuarios/login application/json 51
2024-03-19 19:34:14.773 +00:00 [INF] CORS policy execution successful.
2024-03-19 19:34:14.774 +00:00 [INF] Executing endpoint '405 HTTP Method Not Supported'
2024-03-19 19:34:14.774 +00:00 [INF] Executed endpoint '405 HTTP Method Not Supported'
2024-03-19 19:34:14.775 +00:00 [INF] Request finished HTTP/1.1 POST http://localhost:8001/Usuarios/login application/json 51 - 405 0 - 2.8320ms
2024-03-19 19:34:14.924 +00:00 [INF] Request starting HTTP/1.1 POST http://localhost:8001/Usuarios/login application/json 51
2024-03-19 19:34:14.925 +00:00 [INF] CORS policy execution successful.
2024-03-19 19:34:14.925 +00:00 [INF] Executing endpoint '405 HTTP Method Not Supported'
2024-03-19 19:34:14.926 +00:00 [INF] Executed endpoint '405 HTTP Method Not Supported'
2024-03-19 19:34:14.926 +00:00 [INF] Request finished HTTP/1.1 POST http://localhost:8001/Usuarios/login application/json 51 - 405 0 - 2.7289ms
2024-03-19 19:34:15.068 +00:00 [INF] Request starting HTTP/1.1 POST http://localhost:8001/Usuarios/login application/json 51
2024-03-19 19:34:15.068 +00:00 [INF] CORS policy execution successful.
2024-03-19 19:34:15.069 +00:00 [INF] Executing endpoint '405 HTTP Method Not Supported'
2024-03-19 19:34:15.070 +00:00 [INF] Executed endpoint '405 HTTP Method Not Supported'
2024-03-19 19:34:15.070 +00:00 [INF] Request finished HTTP/1.1 POST http://localhost:8001/Usuarios/login application/json 51 - 405 0 - 2.9296ms
2024-03-19 19:34:15.212 +00:00 [INF] Request starting HTTP/1.1 POST http://localhost:8001/Usuarios/login application/json 51
2024-03-19 19:34:15.213 +00:00 [INF] CORS policy execution successful.
2024-03-19 19:34:15.214 +00:00 [INF] Executing endpoint '405 HTTP Method Not Supported'
2024-03-19 19:34:15.214 +00:00 [INF] Executed endpoint '405 HTTP Method Not Supported'
2024-03-19 19:34:15.215 +00:00 [INF] Request finished HTTP/1.1 POST http://localhost:8001/Usuarios/login application/json 51 - 405 0 - 2.6845ms
2024-03-19 19:34:15.347 +00:00 [INF] Request starting HTTP/1.1 POST http://localhost:8001/Usuarios/login application/json 51
2024-03-19 19:34:15.348 +00:00 [INF] CORS policy execution successful.
2024-03-19 19:34:15.349 +00:00 [INF] Executing endpoint '405 HTTP Method Not Supported'
2024-03-19 19:34:15.349 +00:00 [INF] Executed endpoint '405 HTTP Method Not Supported'
2024-03-19 19:34:15.350 +00:00 [INF] Request finished HTTP/1.1 POST http://localhost:8001/Usuarios/login application/json 51 - 405 0 - 2.3647ms
2024-03-19 19:34:15.492 +00:00 [INF] Request starting HTTP/1.1 POST http://localhost:8001/Usuarios/login application/json 51
2024-03-19 19:34:15.493 +00:00 [INF] CORS policy execution successful.
2024-03-19 19:34:15.493 +00:00 [INF] Executing endpoint '405 HTTP Method Not Supported'
2024-03-19 19:34:15.494 +00:00 [INF] Executed endpoint '405 HTTP Method Not Supported'
2024-03-19 19:34:15.495 +00:00 [INF] Request finished HTTP/1.1 POST http://localhost:8001/Usuarios/login application/json 51 - 405 0 - 2.7367ms
2024-03-19 19:34:15.635 +00:00 [INF] Request starting HTTP/1.1 POST http://localhost:8001/Usuarios/login application/json 51
2024-03-19 19:34:15.636 +00:00 [INF] CORS policy execution successful.
2024-03-19 19:34:15.637 +00:00 [INF] Executing endpoint '405 HTTP Method Not Supported'
2024-03-19 19:34:15.638 +00:00 [INF] Executed endpoint '405 HTTP Method Not Supported'
2024-03-19 19:34:15.638 +00:00 [INF] Request finished HTTP/1.1 POST http://localhost:8001/Usuarios/login application/json 51 - 405 0 - 2.8080ms
2024-03-19 19:34:15.781 +00:00 [INF] Request starting HTTP/1.1 POST http://localhost:8001/Usuarios/login application/json 51
2024-03-19 19:34:15.781 +00:00 [INF] CORS policy execution successful.
2024-03-19 19:34:15.782 +00:00 [INF] Executing endpoint '405 HTTP Method Not Supported'
2024-03-19 19:34:15.782 +00:00 [INF] Executed endpoint '405 HTTP Method Not Supported'
2024-03-19 19:34:15.783 +00:00 [INF] Request finished HTTP/1.1 POST http://localhost:8001/Usuarios/login application/json 51 - 405 0 - 2.3874ms
2024-03-19 19:34:19.007 +00:00 [INF] Request starting HTTP/1.1 GET http://localhost:8001/Obras - -
2024-03-19 19:34:19.008 +00:00 [INF] CORS policy execution successful.
2024-03-19 19:34:19.009 +00:00 [INF] Executing endpoint 'ActuArte.Controllers.ObrasController.GetAll (ActuArte.Api)'
2024-03-19 19:34:19.025 +00:00 [INF] Route matched with {action = "GetAll", controller = "Obras"}. Executing controller action with signature Microsoft.AspNetCore.Mvc.ActionResult`1[System.Collections.Generic.List`1[ActuArte.Models.Obras]] GetAll() on controller ActuArte.Controllers.ObrasController (ActuArte.Api).
2024-03-19 19:34:19.601 +00:00 [INF] Executed DbCommand (12ms) [Parameters=[], CommandType='"Text"', CommandTimeout='30']
SELECT [o].[idObra], [o].[aclamadas], [o].[autorObra], [o].[descObra], [o].[directorObra], [o].[duracionObra], [o].[imagen], [o].[nombreObra], [o].[recientes], [o].[ultimasSesiones], [o].[valoracionObra]
FROM [Obras] AS [o]
2024-03-19 19:34:19.648 +00:00 [INF] Executing ObjectResult, writing value of type 'System.Collections.Generic.List`1[[ActuArte.Models.Obras, ActuArte.Models, Version=1.0.0.0, Culture=neutral, PublicKeyToken=null]]'.
2024-03-19 19:34:19.660 +00:00 [INF] Executed action ActuArte.Controllers.ObrasController.GetAll (ActuArte.Api) in 632.5625ms
2024-03-19 19:34:19.661 +00:00 [INF] Executed endpoint 'ActuArte.Controllers.ObrasController.GetAll (ActuArte.Api)'
2024-03-19 19:34:19.666 +00:00 [INF] Request finished HTTP/1.1 GET http://localhost:8001/Obras - - - 200 - application/json;+charset=utf-8 658.1861ms
2024-03-19 19:34:22.012 +00:00 [INF] Request starting HTTP/1.1 GET http://localhost:8001/Obras - -
2024-03-19 19:34:22.013 +00:00 [INF] CORS policy execution successful.
2024-03-19 19:34:22.014 +00:00 [INF] Executing endpoint 'ActuArte.Controllers.ObrasController.GetAll (ActuArte.Api)'
2024-03-19 19:34:22.015 +00:00 [INF] Route matched with {action = "GetAll", controller = "Obras"}. Executing controller action with signature Microsoft.AspNetCore.Mvc.ActionResult`1[System.Collections.Generic.List`1[ActuArte.Models.Obras]] GetAll() on controller ActuArte.Controllers.ObrasController (ActuArte.Api).
2024-03-19 19:34:22.031 +00:00 [INF] Executed DbCommand (2ms) [Parameters=[], CommandType='"Text"', CommandTimeout='30']
SELECT [o].[idObra], [o].[aclamadas], [o].[autorObra], [o].[descObra], [o].[directorObra], [o].[duracionObra], [o].[imagen], [o].[nombreObra], [o].[recientes], [o].[ultimasSesiones], [o].[valoracionObra]
FROM [Obras] AS [o]
2024-03-19 19:34:22.034 +00:00 [INF] Executing ObjectResult, writing value of type 'System.Collections.Generic.List`1[[ActuArte.Models.Obras, ActuArte.Models, Version=1.0.0.0, Culture=neutral, PublicKeyToken=null]]'.
2024-03-19 19:34:22.035 +00:00 [INF] Executed action ActuArte.Controllers.ObrasController.GetAll (ActuArte.Api) in 19.6768ms
2024-03-19 19:34:22.035 +00:00 [INF] Executed endpoint 'ActuArte.Controllers.ObrasController.GetAll (ActuArte.Api)'
2024-03-19 19:34:22.036 +00:00 [INF] Request finished HTTP/1.1 GET http://localhost:8001/Obras - - - 200 - application/json;+charset=utf-8 23.5223ms
2024-03-19 19:34:43.412 +00:00 [INF] Request starting HTTP/1.1 POST http://localhost:8001/Credenciales/login application/json 79
2024-03-19 19:34:43.413 +00:00 [INF] CORS policy execution failed.
2024-03-19 19:34:43.414 +00:00 [INF] Request origin http://localhost:8001 does not have permission to access the resource.
2024-03-19 19:34:43.415 +00:00 [INF] Executing endpoint 'ActuArte.Controllers.CredencialesController.Login (ActuArte.Api)'
2024-03-19 19:34:43.420 +00:00 [INF] Route matched with {action = "Login", controller = "Credenciales"}. Executing controller action with signature Microsoft.AspNetCore.Mvc.IActionResult Login(ActuArte.Models.UsuariosDTO) on controller ActuArte.Controllers.CredencialesController (ActuArte.Api).
2024-03-19 19:34:43.439 +00:00 [INF] Intentando logear usuario
2024-03-19 19:34:43.554 +00:00 [INF] Executed DbCommand (28ms) [Parameters=[@__usuariosDTO_nombreUsuario_0='?' (Size = 4000), @__usuariosDTO_passwordUsuario_1='?' (Size = 4000)], CommandType='"Text"', CommandTimeout='30']
SELECT TOP(1) [u].[idUsuario], [u].[isAdmin], [u].[nombreUsuario], [u].[passwordUsuario]
FROM [Usuarios] AS [u]
WHERE [u].[nombreUsuario] = @__usuariosDTO_nombreUsuario_0 AND [u].[passwordUsuario] = @__usuariosDTO_passwordUsuario_1
2024-03-19 19:34:43.555 +00:00 [INF] Usuario correcto
2024-03-19 19:34:43.555 +00:00 [INF] Executing OkObjectResult, writing value of type 'ActuArte.Models.Usuarios'.
2024-03-19 19:34:43.557 +00:00 [INF] Executed action ActuArte.Controllers.CredencialesController.Login (ActuArte.Api) in 136.2502ms
2024-03-19 19:34:43.557 +00:00 [INF] Executed endpoint 'ActuArte.Controllers.CredencialesController.Login (ActuArte.Api)'
2024-03-19 19:34:43.558 +00:00 [INF] Request finished HTTP/1.1 POST http://localhost:8001/Credenciales/login application/json 79 - 200 - application/json;+charset=utf-8 145.2483ms
2024-03-19 19:34:59.708 +00:00 [INF] Request starting HTTP/1.1 GET http://localhost:8001/swagger/index.html - -
2024-03-19 19:34:59.709 +00:00 [INF] Request finished HTTP/1.1 GET http://localhost:8001/swagger/index.html - - - 200 - text/html;charset=utf-8 1.5239ms
2024-03-19 19:34:59.719 +00:00 [INF] Request starting HTTP/1.1 GET http://localhost:8001/swagger/swagger-ui.css - -
2024-03-19 19:34:59.719 +00:00 [INF] Request starting HTTP/1.1 GET http://localhost:8001/swagger/swagger-ui-bundle.js - -
2024-03-19 19:34:59.719 +00:00 [INF] Request starting HTTP/1.1 GET http://localhost:8001/swagger/swagger-ui-standalone-preset.js - -
2024-03-19 19:34:59.720 +00:00 [INF] Sending file. Request path: '/swagger-ui.css'. Physical path: 'N/A'
2024-03-19 19:34:59.721 +00:00 [INF] Request finished HTTP/1.1 GET http://localhost:8001/swagger/swagger-ui.css - - - 200 144929 text/css 2.1040ms
2024-03-19 19:34:59.722 +00:00 [INF] Sending file. Request path: '/swagger-ui-standalone-preset.js'. Physical path: 'N/A'
2024-03-19 19:34:59.723 +00:00 [INF] Request finished HTTP/1.1 GET http://localhost:8001/swagger/swagger-ui-standalone-preset.js - - - 200 312163 text/javascript 3.3744ms
2024-03-19 19:34:59.723 +00:00 [INF] Sending file. Request path: '/swagger-ui-bundle.js'. Physical path: 'N/A'
2024-03-19 19:34:59.724 +00:00 [INF] Request finished HTTP/1.1 GET http://localhost:8001/swagger/swagger-ui-bundle.js - - - 200 1061536 text/javascript 4.4820ms
2024-03-19 19:34:59.806 +00:00 [INF] Request starting HTTP/1.1 GET http://localhost:8001/swagger/v1/swagger.json - -
2024-03-19 19:34:59.808 +00:00 [INF] Request starting HTTP/1.1 GET http://localhost:8001/swagger/favicon-32x32.png - -
2024-03-19 19:34:59.808 +00:00 [INF] Sending file. Request path: '/favicon-32x32.png'. Physical path: 'N/A'
2024-03-19 19:34:59.809 +00:00 [INF] Request finished HTTP/1.1 GET http://localhost:8001/swagger/favicon-32x32.png - - - 200 628 image/png 1.1351ms
2024-03-19 19:34:59.813 +00:00 [INF] Request finished HTTP/1.1 GET http://localhost:8001/swagger/v1/swagger.json - - - 200 - application/json;charset=utf-8 7.0589ms
2024-03-19 19:35:03.910 +00:00 [INF] Request starting HTTP/1.1 GET http://localhost:8001/swagger/index.html - -
2024-03-19 19:35:03.911 +00:00 [INF] Request finished HTTP/1.1 GET http://localhost:8001/swagger/index.html - - - 200 - text/html;charset=utf-8 0.9295ms
2024-03-19 19:35:03.920 +00:00 [INF] Request starting HTTP/1.1 GET http://localhost:8001/swagger/swagger-ui-standalone-preset.js - -
2024-03-19 19:35:03.920 +00:00 [INF] Request starting HTTP/1.1 GET http://localhost:8001/swagger/swagger-ui-bundle.js - -
2024-03-19 19:35:03.920 +00:00 [INF] Request starting HTTP/1.1 GET http://localhost:8001/swagger/swagger-ui.css - -
2024-03-19 19:35:03.921 +00:00 [INF] Sending file. Request path: '/swagger-ui.css'. Physical path: 'N/A'
2024-03-19 19:35:03.921 +00:00 [INF] Sending file. Request path: '/swagger-ui-standalone-preset.js'. Physical path: 'N/A'
2024-03-19 19:35:03.922 +00:00 [INF] Request finished HTTP/1.1 GET http://localhost:8001/swagger/swagger-ui.css - - - 200 144929 text/css 1.8764ms
2024-03-19 19:35:03.922 +00:00 [INF] Request finished HTTP/1.1 GET http://localhost:8001/swagger/swagger-ui-standalone-preset.js - - - 200 312163 text/javascript 2.3059ms
2024-03-19 19:35:03.923 +00:00 [INF] Sending file. Request path: '/swagger-ui-bundle.js'. Physical path: 'N/A'
2024-03-19 19:35:03.923 +00:00 [INF] Request finished HTTP/1.1 GET http://localhost:8001/swagger/swagger-ui-bundle.js - - - 200 1061536 text/javascript 3.3292ms
2024-03-19 19:35:03.988 +00:00 [INF] Request starting HTTP/1.1 GET http://localhost:8001/swagger/v1/swagger.json - -
2024-03-19 19:35:03.990 +00:00 [INF] Request starting HTTP/1.1 GET http://localhost:8001/swagger/favicon-32x32.png - -
2024-03-19 19:35:03.991 +00:00 [INF] Sending file. Request path: '/favicon-32x32.png'. Physical path: 'N/A'
2024-03-19 19:35:03.991 +00:00 [INF] Request finished HTTP/1.1 GET http://localhost:8001/swagger/favicon-32x32.png - - - 200 628 image/png 1.1092ms
2024-03-19 19:35:03.993 +00:00 [INF] Request finished HTTP/1.1 GET http://localhost:8001/swagger/v1/swagger.json - - - 200 - application/json;charset=utf-8 5.0860ms
2024-03-19 19:35:17.706 +00:00 [INF] Application is shutting down...
